github.com/iDigitalFlame/xmt/c2/c2.go:58:				Shoot			0.0%
github.com/iDigitalFlame/xmt/c2/c2.go:67:				Connect			0.0%
github.com/iDigitalFlame/xmt/c2/c2.go:80:				Load			0.0%
github.com/iDigitalFlame/xmt/c2/c2.go:90:				ShootContext		0.0%
github.com/iDigitalFlame/xmt/c2/c2.go:124:				ConnectContext		0.0%
github.com/iDigitalFlame/xmt/c2/c2.go:195:				LoadContext		0.0%
github.com/iDigitalFlame/xmt/c2/c2.go:431:				LoadOrConnect		0.0%
github.com/iDigitalFlame/xmt/c2/cfg/config.go:53:			Len			0.0%
github.com/iDigitalFlame/xmt/c2/cfg/config.go:62:			Groups			0.0%
github.com/iDigitalFlame/xmt/c2/cfg/config.go:77:			Bytes			100.0%
github.com/iDigitalFlame/xmt/c2/cfg/config.go:82:			Pack			100.0%
github.com/iDigitalFlame/xmt/c2/cfg/config.go:88:			Bytes			81.8%
github.com/iDigitalFlame/xmt/c2/cfg/config.go:107:			Add			66.7%
github.com/iDigitalFlame/xmt/c2/cfg/config.go:123:			Group			0.0%
github.com/iDigitalFlame/xmt/c2/cfg/config.go:157:			Raw			100.0%
github.com/iDigitalFlame/xmt/c2/cfg/config.go:166:			File			0.0%
github.com/iDigitalFlame/xmt/c2/cfg/config.go:180:			AddGroup		80.0%
github.com/iDigitalFlame/xmt/c2/cfg/config.go:195:			Write			0.0%
github.com/iDigitalFlame/xmt/c2/cfg/config.go:208:			Write			0.0%
github.com/iDigitalFlame/xmt/c2/cfg/config.go:217:			Reader			0.0%
github.com/iDigitalFlame/xmt/c2/cfg/config.go:229:			Build			0.0%
github.com/iDigitalFlame/xmt/c2/cfg/connect.go:72:			ConnectIP		0.0%
github.com/iDigitalFlame/xmt/c2/cfg/connect.go:84:			ConnectTLSEx		0.0%
github.com/iDigitalFlame/xmt/c2/cfg/connect.go:99:			ConnectTLSExCA		0.0%
github.com/iDigitalFlame/xmt/c2/cfg/connect.go:124:			ConnectTLSCerts		0.0%
github.com/iDigitalFlame/xmt/c2/cfg/connect.go:154:			ConnectMuTLS		0.0%
github.com/iDigitalFlame/xmt/c2/cfg/connect.go:184:			ConnectWC2		0.0%
github.com/iDigitalFlame/xmt/c2/cfg/convert.go:34:			init			100.0%
github.com/iDigitalFlame/xmt/c2/cfg/convert.go:37:			next			18.8%
github.com/iDigitalFlame/xmt/c2/cfg/convert.go:131:			Validate		0.0%
github.com/iDigitalFlame/xmt/c2/cfg/convert.go:165:			Build			68.4%
github.com/iDigitalFlame/xmt/c2/cfg/convert.go:200:			validate		0.0%
github.com/iDigitalFlame/xmt/c2/cfg/convert.go:383:			build			11.8%
github.com/iDigitalFlame/xmt/c2/cfg/group.go:98:			init			100.0%
github.com/iDigitalFlame/xmt/c2/cfg/group.go:106:			Len			100.0%
github.com/iDigitalFlame/xmt/c2/cfg/group.go:118:			Jitter			66.7%
github.com/iDigitalFlame/xmt/c2/cfg/group.go:127:			Swap			0.0%
github.com/iDigitalFlame/xmt/c2/cfg/group.go:130:			Jitter			0.0%
github.com/iDigitalFlame/xmt/c2/cfg/group.go:133:			Switch			0.0%
github.com/iDigitalFlame/xmt/c2/cfg/group.go:139:			Less			100.0%
github.com/iDigitalFlame/xmt/c2/cfg/group.go:155:			Switch			56.2%
github.com/iDigitalFlame/xmt/c2/cfg/group.go:206:			Sleep			0.0%
github.com/iDigitalFlame/xmt/c2/cfg/group.go:212:			Sleep			0.0%
github.com/iDigitalFlame/xmt/c2/cfg/group.go:220:			MarshalBinary		0.0%
github.com/iDigitalFlame/xmt/c2/cfg/group.go:226:			MarshalBinary		0.0%
github.com/iDigitalFlame/xmt/c2/cfg/group.go:239:			Next			66.7%
github.com/iDigitalFlame/xmt/c2/cfg/group.go:245:			Next			60.0%
github.com/iDigitalFlame/xmt/c2/cfg/group.go:261:			Connect			66.7%
github.com/iDigitalFlame/xmt/c2/cfg/group.go:267:			Connect			75.0%
github.com/iDigitalFlame/xmt/c2/cfg/group.go:281:			Listen			0.0%
github.com/iDigitalFlame/xmt/c2/cfg/group.go:287:			Listen			0.0%
github.com/iDigitalFlame/xmt/c2/cfg/setting.go:48:			id			100.0%
github.com/iDigitalFlame/xmt/c2/cfg/setting.go:51:			args			100.0%
github.com/iDigitalFlame/xmt/c2/cfg/setting.go:54:			id			0.0%
github.com/iDigitalFlame/xmt/c2/cfg/setting.go:68:			Weight			0.0%
github.com/iDigitalFlame/xmt/c2/cfg/setting.go:79:			Jitter			100.0%
github.com/iDigitalFlame/xmt/c2/cfg/setting.go:88:			Host			66.7%
github.com/iDigitalFlame/xmt/c2/cfg/setting.go:98:			args			100.0%
github.com/iDigitalFlame/xmt/c2/cfg/setting.go:104:			Sleep			66.7%
github.com/iDigitalFlame/xmt/c2/cfg/transform.go:35:			TransformDNS		0.0%
github.com/iDigitalFlame/xmt/c2/cfg/transform.go:64:			TransformB64Shift	0.0%
github.com/iDigitalFlame/xmt/c2/cfg/wrap.go:41:				WrapXOR			0.0%
github.com/iDigitalFlame/xmt/c2/cfg/wrap.go:51:				WrapAES			0.0%
github.com/iDigitalFlame/xmt/c2/cfg/wrap.go:73:				WrapCBK			0.0%
github.com/iDigitalFlame/xmt/c2/cfg/wrap.go:80:				WrapCBKSize		0.0%
github.com/iDigitalFlame/xmt/c2/cfg/z_json.go:40:			String			0.0%
github.com/iDigitalFlame/xmt/c2/cfg/z_json.go:109:			bitFromName		0.0%
github.com/iDigitalFlame/xmt/c2/cfg/z_json.go:179:			String			0.0%
github.com/iDigitalFlame/xmt/c2/cfg/z_json.go:204:			JSON			0.0%
github.com/iDigitalFlame/xmt/c2/cfg/z_json.go:213:			MarshalJSON		0.0%
github.com/iDigitalFlame/xmt/c2/cfg/z_json.go:476:			UnmarshalJSON		0.0%
github.com/iDigitalFlame/xmt/c2/cfg/z_json.go:704:			UnmarshalJSON		0.0%
github.com/iDigitalFlame/xmt/c2/cfg/z_json.go:723:			Unmarshal		0.0%
github.com/iDigitalFlame/xmt/c2/channel.go:85:				close			0.0%
github.com/iDigitalFlame/xmt/c2/channel.go:91:				chanWake		0.0%
github.com/iDigitalFlame/xmt/c2/channel.go:100:				chanWakeClear		0.0%
github.com/iDigitalFlame/xmt/c2/channel.go:108:				chanStop		0.0%
github.com/iDigitalFlame/xmt/c2/channel.go:111:				update			0.0%
github.com/iDigitalFlame/xmt/c2/channel.go:115:				chanStart		0.0%
github.com/iDigitalFlame/xmt/c2/channel.go:118:				stateSet		0.0%
github.com/iDigitalFlame/xmt/c2/channel.go:121:				chanRunning		0.0%
github.com/iDigitalFlame/xmt/c2/channel.go:124:				stateUnset		0.0%
github.com/iDigitalFlame/xmt/c2/channel.go:127:				keyValue		0.0%
github.com/iDigitalFlame/xmt/c2/channel.go:130:				clientID		0.0%
github.com/iDigitalFlame/xmt/c2/channel.go:133:				deadlineWrite		0.0%
github.com/iDigitalFlame/xmt/c2/channel.go:136:				deadlineRead		0.0%
github.com/iDigitalFlame/xmt/c2/channel.go:142:				sender			0.0%
github.com/iDigitalFlame/xmt/c2/channel.go:145:				stop			0.0%
github.com/iDigitalFlame/xmt/c2/channel.go:166:				handle			0.0%
github.com/iDigitalFlame/xmt/c2/channel.go:225:				start			0.0%
github.com/iDigitalFlame/xmt/c2/channel.go:237:				channelRead		0.0%
github.com/iDigitalFlame/xmt/c2/channel.go:286:				channelWrite		0.0%
github.com/iDigitalFlame/xmt/c2/channel.go:331:				process			0.0%
github.com/iDigitalFlame/xmt/c2/channel.go:389:				processSingle		0.0%
github.com/iDigitalFlame/xmt/c2/channel.go:420:				processMultiple		0.0%
github.com/iDigitalFlame/xmt/c2/channel.go:528:				resolve			0.0%
github.com/iDigitalFlame/xmt/c2/cout/v_no_implant.go:38:		New			0.0%
github.com/iDigitalFlame/xmt/c2/cout/v_no_implant.go:44:		Set			0.0%
github.com/iDigitalFlame/xmt/c2/cout/v_no_implant.go:55:		Info			0.0%
github.com/iDigitalFlame/xmt/c2/cout/v_no_implant.go:66:		Error			0.0%
github.com/iDigitalFlame/xmt/c2/cout/v_no_implant.go:77:		Trace			0.0%
github.com/iDigitalFlame/xmt/c2/cout/v_no_implant.go:88:		Debug			0.0%
github.com/iDigitalFlame/xmt/c2/cout/v_no_implant.go:99:		Warning			0.0%
github.com/iDigitalFlame/xmt/c2/job.go:61:				Wait			0.0%
github.com/iDigitalFlame/xmt/c2/job.go:79:				Cancel			0.0%
github.com/iDigitalFlame/xmt/c2/job.go:121:				IsDone			0.0%
github.com/iDigitalFlame/xmt/c2/job.go:135:				IsError			0.0%
github.com/iDigitalFlame/xmt/c2/job.go:146:				Session			0.0%
github.com/iDigitalFlame/xmt/c2/mux.go:57:				muxHandleSpawnAsync	0.0%
github.com/iDigitalFlame/xmt/c2/mux.go:65:				muxHandleScriptAsync	0.0%
github.com/iDigitalFlame/xmt/c2/mux.go:73:				defaultClientMux	0.0%
github.com/iDigitalFlame/xmt/c2/mux.go:105:				muxHandleExternalAsync	0.0%
github.com/iDigitalFlame/xmt/c2/mux.go:134:				muxHandleScript		0.0%
github.com/iDigitalFlame/xmt/c2/mux.go:210:				muxHandleSend		0.0%
github.com/iDigitalFlame/xmt/c2/mux.go:224:				muxHandleInternal	0.0%
github.com/iDigitalFlame/xmt/c2/mux.go:434:				muxHandleSpawnSync	0.0%
github.com/iDigitalFlame/xmt/c2/mux.go:463:				readCallable		0.0%
github.com/iDigitalFlame/xmt/c2/profile.go:155:				Jitter			0.0%
github.com/iDigitalFlame/xmt/c2/profile.go:174:				Switch			0.0%
github.com/iDigitalFlame/xmt/c2/profile.go:177:				Close			0.0%
github.com/iDigitalFlame/xmt/c2/profile.go:190:				Sleep			0.0%
github.com/iDigitalFlame/xmt/c2/profile.go:203:				Next			0.0%
github.com/iDigitalFlame/xmt/c2/profile.go:208:				Unwrap			0.0%
github.com/iDigitalFlame/xmt/c2/profile.go:222:				Wrap			0.0%
github.com/iDigitalFlame/xmt/c2/profile.go:245:				Connect			0.0%
github.com/iDigitalFlame/xmt/c2/profile.go:260:				Listen			0.0%
github.com/iDigitalFlame/xmt/c2/proxy.go:70:				Wait			0.0%
github.com/iDigitalFlame/xmt/c2/proxy.go:73:				prune			0.0%
github.com/iDigitalFlame/xmt/c2/proxy.go:91:				listen			0.0%
github.com/iDigitalFlame/xmt/c2/proxy.go:156:				clientLock		0.0%
github.com/iDigitalFlame/xmt/c2/proxy.go:163:				Close			0.0%
github.com/iDigitalFlame/xmt/c2/proxy.go:173:				Close			0.0%
github.com/iDigitalFlame/xmt/c2/proxy.go:188:				clientUnlock		0.0%
github.com/iDigitalFlame/xmt/c2/proxy.go:191:				subsRegister		0.0%
github.com/iDigitalFlame/xmt/c2/proxy.go:198:				keyCheck		0.0%
github.com/iDigitalFlame/xmt/c2/proxy.go:199:				keyRevert		0.0%
github.com/iDigitalFlame/xmt/c2/proxy.go:202:				IsActive		0.0%
github.com/iDigitalFlame/xmt/c2/proxy.go:205:				tags			0.0%
github.com/iDigitalFlame/xmt/c2/proxy.go:220:				chanWake		0.0%
github.com/iDigitalFlame/xmt/c2/proxy.go:232:				Address			0.0%
github.com/iDigitalFlame/xmt/c2/proxy.go:235:				wrapper			0.0%
github.com/iDigitalFlame/xmt/c2/proxy.go:238:				name			0.0%
github.com/iDigitalFlame/xmt/c2/proxy.go:241:				accept			0.0%
github.com/iDigitalFlame/xmt/c2/proxy.go:242:				chanWakeClear		0.0%
github.com/iDigitalFlame/xmt/c2/proxy.go:250:				clientClear		0.0%
github.com/iDigitalFlame/xmt/c2/proxy.go:258:				transform		0.0%
github.com/iDigitalFlame/xmt/c2/proxy.go:262:				chanStop		0.0%
github.com/iDigitalFlame/xmt/c2/proxy.go:265:				chanStart		0.0%
github.com/iDigitalFlame/xmt/c2/proxy.go:268:				update			0.0%
github.com/iDigitalFlame/xmt/c2/proxy.go:275:				Done			0.0%
github.com/iDigitalFlame/xmt/c2/proxy.go:278:				keyValue		0.0%
github.com/iDigitalFlame/xmt/c2/proxy.go:281:				chanRunning		0.0%
github.com/iDigitalFlame/xmt/c2/proxy.go:284:				stateSet		0.0%
github.com/iDigitalFlame/xmt/c2/proxy.go:287:				stateUnset		0.0%
github.com/iDigitalFlame/xmt/c2/proxy.go:290:				accept			0.0%
github.com/iDigitalFlame/xmt/c2/proxy.go:306:				queue			0.0%
github.com/iDigitalFlame/xmt/c2/proxy.go:327:				clientID		0.0%
github.com/iDigitalFlame/xmt/c2/proxy.go:330:				frag			0.0%
github.com/iDigitalFlame/xmt/c2/proxy.go:331:				deadlineRead		0.0%
github.com/iDigitalFlame/xmt/c2/proxy.go:334:				deadlineWrite		0.0%
github.com/iDigitalFlame/xmt/c2/proxy.go:337:				pick			0.0%
github.com/iDigitalFlame/xmt/c2/proxy.go:359:				next			0.0%
github.com/iDigitalFlame/xmt/c2/proxy.go:380:				sender			0.0%
github.com/iDigitalFlame/xmt/c2/proxy.go:383:				clientGet		0.0%
github.com/iDigitalFlame/xmt/c2/proxy.go:395:				Replace			0.0%
github.com/iDigitalFlame/xmt/c2/proxy.go:424:				MarshalStream		0.0%
github.com/iDigitalFlame/xmt/c2/proxy.go:430:				clientSet		0.0%
github.com/iDigitalFlame/xmt/c2/proxy.go:446:				notify			0.0%
github.com/iDigitalFlame/xmt/c2/proxy.go:453:				talk			0.0%
github.com/iDigitalFlame/xmt/c2/proxy.go:509:				readProxyInfo		0.0%
github.com/iDigitalFlame/xmt/c2/proxy.go:543:				resolve			0.0%
github.com/iDigitalFlame/xmt/c2/proxy.go:554:				talkSub			0.0%
github.com/iDigitalFlame/xmt/c2/server.go:61:				Wait			0.0%
github.com/iDigitalFlame/xmt/c2/server.go:64:				listen			0.0%
github.com/iDigitalFlame/xmt/c2/server.go:99:				shutdown		0.0%
github.com/iDigitalFlame/xmt/c2/server.go:127:				Close			0.0%
github.com/iDigitalFlame/xmt/c2/server.go:134:				queue			0.0%
github.com/iDigitalFlame/xmt/c2/server.go:139:				IsActive		0.0%
github.com/iDigitalFlame/xmt/c2/server.go:153:				NewServer		0.0%
github.com/iDigitalFlame/xmt/c2/server.go:162:				SetLog			0.0%
github.com/iDigitalFlame/xmt/c2/server.go:168:				Sessions		0.0%
github.com/iDigitalFlame/xmt/c2/server.go:181:				Done			0.0%
github.com/iDigitalFlame/xmt/c2/server.go:186:				Listeners		0.0%
github.com/iDigitalFlame/xmt/c2/server.go:196:				Listener		0.0%
github.com/iDigitalFlame/xmt/c2/server.go:206:				Session			0.0%
github.com/iDigitalFlame/xmt/c2/server.go:226:				Remove			0.0%
github.com/iDigitalFlame/xmt/c2/server.go:252:				NewServerContext	0.0%
github.com/iDigitalFlame/xmt/c2/server.go:270:				Listen			0.0%
github.com/iDigitalFlame/xmt/c2/server.go:279:				ListenContext		0.0%
github.com/iDigitalFlame/xmt/c2/session.go:58:				Wait			0.0%
github.com/iDigitalFlame/xmt/c2/session.go:61:				wait			0.0%
github.com/iDigitalFlame/xmt/c2/session.go:105:				Wake			0.0%
github.com/iDigitalFlame/xmt/c2/session.go:114:				listen			0.0%
github.com/iDigitalFlame/xmt/c2/session.go:210:				shutdown		0.0%
github.com/iDigitalFlame/xmt/c2/session.go:246:				Close			0.0%
github.com/iDigitalFlame/xmt/c2/session.go:252:				Jitter			0.0%
github.com/iDigitalFlame/xmt/c2/session.go:258:				IsProxy			0.0%
github.com/iDigitalFlame/xmt/c2/session.go:261:				isMoving		0.0%
github.com/iDigitalFlame/xmt/c2/session.go:267:				IsActive		0.0%
github.com/iDigitalFlame/xmt/c2/session.go:273:				IsClosed		0.0%
github.com/iDigitalFlame/xmt/c2/session.go:280:				InChannel		0.0%
github.com/iDigitalFlame/xmt/c2/session.go:287:				Read			0.0%
github.com/iDigitalFlame/xmt/c2/session.go:304:				SetChannel		0.0%
github.com/iDigitalFlame/xmt/c2/session.go:322:				RemoteAddr		0.0%
github.com/iDigitalFlame/xmt/c2/session.go:331:				Send			0.0%
github.com/iDigitalFlame/xmt/c2/session.go:334:				close			0.0%
github.com/iDigitalFlame/xmt/c2/session.go:362:				queue			0.0%
github.com/iDigitalFlame/xmt/c2/session.go:394:				Time			0.0%
github.com/iDigitalFlame/xmt/c2/session.go:401:				Done			0.0%
github.com/iDigitalFlame/xmt/c2/session.go:404:				channelRead		0.0%
github.com/iDigitalFlame/xmt/c2/session.go:440:				channelWrite		0.0%
github.com/iDigitalFlame/xmt/c2/session.go:484:				session			0.0%
github.com/iDigitalFlame/xmt/c2/session.go:550:				pick			0.0%
github.com/iDigitalFlame/xmt/c2/session.go:596:				next			0.0%
github.com/iDigitalFlame/xmt/c2/session.go:627:				Write			0.0%
github.com/iDigitalFlame/xmt/c2/session.go:636:				Packets			0.0%
github.com/iDigitalFlame/xmt/c2/session.go:651:				write			0.0%
github.com/iDigitalFlame/xmt/c2/session.go:714:				Spawn			0.0%
github.com/iDigitalFlame/xmt/c2/session.go:734:				Migrate			0.0%
github.com/iDigitalFlame/xmt/c2/session.go:749:				SpawnProfile		0.0%
github.com/iDigitalFlame/xmt/c2/session.go:835:				MigrateProfile		0.0%
github.com/iDigitalFlame/xmt/c2/state.go:46:				Tag			0.0%
github.com/iDigitalFlame/xmt/c2/state.go:53:				Seen			0.0%
github.com/iDigitalFlame/xmt/c2/state.go:56:				Ready			0.0%
github.com/iDigitalFlame/xmt/c2/state.go:62:				Last			0.0%
github.com/iDigitalFlame/xmt/c2/state.go:65:				Moving			0.0%
github.com/iDigitalFlame/xmt/c2/state.go:68:				Closed			0.0%
github.com/iDigitalFlame/xmt/c2/state.go:71:				Set			0.0%
github.com/iDigitalFlame/xmt/c2/state.go:74:				CanRecv			0.0%
github.com/iDigitalFlame/xmt/c2/state.go:80:				Closing			0.0%
github.com/iDigitalFlame/xmt/c2/state.go:86:				Channel			0.0%
github.com/iDigitalFlame/xmt/c2/state.go:89:				Shutdown		0.0%
github.com/iDigitalFlame/xmt/c2/state.go:95:				Replacing		0.0%
github.com/iDigitalFlame/xmt/c2/state.go:98:				Unset			0.0%
github.com/iDigitalFlame/xmt/c2/state.go:102:				RecvClosed		0.0%
github.com/iDigitalFlame/xmt/c2/state.go:108:				SendClosed		0.0%
github.com/iDigitalFlame/xmt/c2/state.go:114:				WakeClosed		0.0%
github.com/iDigitalFlame/xmt/c2/state.go:120:				SetLast			0.0%
github.com/iDigitalFlame/xmt/c2/state.go:123:				ShutdownWait		0.0%
github.com/iDigitalFlame/xmt/c2/state.go:126:				ChannelValue		0.0%
github.com/iDigitalFlame/xmt/c2/state.go:129:				ChannelProxy		0.0%
github.com/iDigitalFlame/xmt/c2/state.go:132:				ChannelUpdated		0.0%
github.com/iDigitalFlame/xmt/c2/state.go:135:				ChannelCanStop		0.0%
github.com/iDigitalFlame/xmt/c2/state.go:145:				ChannelCanStart		0.0%
github.com/iDigitalFlame/xmt/c2/state.go:154:				SetChannel		0.0%
github.com/iDigitalFlame/xmt/c2/task/assembly.go:70:			UnmarshalStream		0.0%
github.com/iDigitalFlame/xmt/c2/task/assembly.go:85:			taskAssembly		0.0%
github.com/iDigitalFlame/xmt/c2/task/assembly.go:113:			AssemblyUnmarshal	0.0%
github.com/iDigitalFlame/xmt/c2/task/dll.go:75:				UnmarshalStream		0.0%
github.com/iDigitalFlame/xmt/c2/task/io.go:66:				task			0.0%
github.com/iDigitalFlame/xmt/c2/task/io.go:69:				task			0.0%
github.com/iDigitalFlame/xmt/c2/task/io.go:72:				task			0.0%
github.com/iDigitalFlame/xmt/c2/task/io.go:75:				task			0.0%
github.com/iDigitalFlame/xmt/c2/task/io.go:78:				taskWait		0.0%
github.com/iDigitalFlame/xmt/c2/task/io.go:94:				taskPull		0.0%
github.com/iDigitalFlame/xmt/c2/task/io.go:131:				taskEvade		0.0%
github.com/iDigitalFlame/xmt/c2/task/io.go:138:				taskLogins		0.0%
github.com/iDigitalFlame/xmt/c2/task/io.go:151:				taskNetcat		0.0%
github.com/iDigitalFlame/xmt/c2/task/io.go:218:				taskUpload		0.0%
github.com/iDigitalFlame/xmt/c2/task/io.go:239:				taskRename		0.0%
github.com/iDigitalFlame/xmt/c2/task/io.go:246:				taskElevate		0.0%
github.com/iDigitalFlame/xmt/c2/task/io.go:256:				taskRevSelf		0.0%
github.com/iDigitalFlame/xmt/c2/task/io.go:259:				taskDownload		0.0%
github.com/iDigitalFlame/xmt/c2/task/io.go:288:				taskPullExec		0.0%
github.com/iDigitalFlame/xmt/c2/task/io.go:357:				taskProcDump		0.0%
github.com/iDigitalFlame/xmt/c2/task/io.go:364:				taskSystemIo		0.0%
github.com/iDigitalFlame/xmt/c2/task/io.go:472:				taskLoginUser		0.0%
github.com/iDigitalFlame/xmt/c2/task/io.go:490:				taskScreenShot		0.0%
github.com/iDigitalFlame/xmt/c2/task/process.go:84:			UnmarshalStream		0.0%
github.com/iDigitalFlame/xmt/c2/task/process.go:123:			taskProcess		0.0%
github.com/iDigitalFlame/xmt/c2/task/process.go:161:			ProcessUnmarshal	0.0%
github.com/iDigitalFlame/xmt/c2/task/result/v_no_implant.go:54:		Sys			0.0%
github.com/iDigitalFlame/xmt/c2/task/result/v_no_implant.go:57:		Size			0.0%
github.com/iDigitalFlame/xmt/c2/task/result/v_no_implant.go:60:		IsDir			0.0%
github.com/iDigitalFlame/xmt/c2/task/result/v_no_implant.go:63:		Name			0.0%
github.com/iDigitalFlame/xmt/c2/task/result/v_no_implant.go:69:		IsMinimized		0.0%
github.com/iDigitalFlame/xmt/c2/task/result/v_no_implant.go:75:		IsMaximized		0.0%
github.com/iDigitalFlame/xmt/c2/task/result/v_no_implant.go:78:		Mode			0.0%
github.com/iDigitalFlame/xmt/c2/task/result/v_no_implant.go:81:		ModTime			0.0%
github.com/iDigitalFlame/xmt/c2/task/result/v_no_implant.go:91:		Pwd			0.0%
github.com/iDigitalFlame/xmt/c2/task/result/v_no_implant.go:104:	Spawn			0.0%
github.com/iDigitalFlame/xmt/c2/task/result/v_no_implant.go:119:	CheckDLL		0.0%
github.com/iDigitalFlame/xmt/c2/task/result/v_no_implant.go:133:	Mounts			0.0%
github.com/iDigitalFlame/xmt/c2/task/result/v_no_implant.go:147:	IsDebugged		0.0%
github.com/iDigitalFlame/xmt/c2/task/result/v_no_implant.go:161:	Ls			0.0%
github.com/iDigitalFlame/xmt/c2/task/result/v_no_implant.go:198:	Netcat			0.0%
github.com/iDigitalFlame/xmt/c2/task/result/v_no_implant.go:215:	Pull			0.0%
github.com/iDigitalFlame/xmt/c2/task/result/v_no_implant.go:226:	WindowList		0.0%
github.com/iDigitalFlame/xmt/c2/task/result/v_no_implant.go:250:	ScreenShot		0.0%
github.com/iDigitalFlame/xmt/c2/task/result/v_no_implant.go:261:	Script			0.0%
github.com/iDigitalFlame/xmt/c2/task/result/v_no_implant.go:308:	ProcessDump		0.0%
github.com/iDigitalFlame/xmt/c2/task/result/v_no_implant.go:322:	Upload			0.0%
github.com/iDigitalFlame/xmt/c2/task/result/v_no_implant.go:342:	UnmarshalStream		0.0%
github.com/iDigitalFlame/xmt/c2/task/result/v_no_implant.go:376:	UserLogins		0.0%
github.com/iDigitalFlame/xmt/c2/task/result/v_no_implant.go:401:	DLL			0.0%
github.com/iDigitalFlame/xmt/c2/task/result/v_no_implant.go:412:	ProcessList		0.0%
github.com/iDigitalFlame/xmt/c2/task/result/v_no_implant.go:440:	SystemIO		0.0%
github.com/iDigitalFlame/xmt/c2/task/result/v_no_implant.go:475:	Registry		0.0%
github.com/iDigitalFlame/xmt/c2/task/result/v_no_implant.go:514:	Assembly		0.0%
github.com/iDigitalFlame/xmt/c2/task/result/v_no_implant.go:544:	Zombie			0.0%
github.com/iDigitalFlame/xmt/c2/task/result/v_no_implant.go:556:	Process			0.0%
github.com/iDigitalFlame/xmt/c2/task/result/v_no_implant.go:582:	PullExec		0.0%
github.com/iDigitalFlame/xmt/c2/task/result/v_no_implant.go:593:	UserProcessList		0.0%
github.com/iDigitalFlame/xmt/c2/task/result/v_no_implant.go:607:	Download		0.0%
github.com/iDigitalFlame/xmt/c2/task/script.go:49:			Clear			0.0%
github.com/iDigitalFlame/xmt/c2/task/script.go:54:			Size			0.0%
github.com/iDigitalFlame/xmt/c2/task/script.go:59:			Empty			0.0%
github.com/iDigitalFlame/xmt/c2/task/script.go:69:			Output			0.0%
github.com/iDigitalFlame/xmt/c2/task/script.go:78:			IsOutput		0.0%
github.com/iDigitalFlame/xmt/c2/task/script.go:86:			Channel			0.0%
github.com/iDigitalFlame/xmt/c2/task/script.go:95:			IsChannel		0.0%
github.com/iDigitalFlame/xmt/c2/task/script.go:101:			Payload			0.0%
github.com/iDigitalFlame/xmt/c2/task/script.go:113:			Replace			0.0%
github.com/iDigitalFlame/xmt/c2/task/script.go:123:			StopOnError		0.0%
github.com/iDigitalFlame/xmt/c2/task/script.go:132:			IsStopOnError		0.0%
github.com/iDigitalFlame/xmt/c2/task/script.go:141:			Truncate		0.0%
github.com/iDigitalFlame/xmt/c2/task/script.go:157:			Add			0.0%
github.com/iDigitalFlame/xmt/c2/task/script.go:170:			NewScript		0.0%
github.com/iDigitalFlame/xmt/c2/task/script.go:193:			AddTasklet		0.0%
github.com/iDigitalFlame/xmt/c2/task/script.go:221:			Packet			0.0%
github.com/iDigitalFlame/xmt/c2/task/script.go:248:			Append			0.0%
github.com/iDigitalFlame/xmt/c2/task/v_assembly.go:57:			AssemblyFile		0.0%
github.com/iDigitalFlame/xmt/c2/task/v_assembly.go:92:			Packet			0.0%
github.com/iDigitalFlame/xmt/c2/task/v_assembly.go:126:			AssemblyReader		0.0%
github.com/iDigitalFlame/xmt/c2/task/v_assembly.go:135:			MarshalStream		0.0%
github.com/iDigitalFlame/xmt/c2/task/v_dll.go:63:			DLLFile			0.0%
github.com/iDigitalFlame/xmt/c2/task/v_dll.go:104:			DLLReader		0.0%
github.com/iDigitalFlame/xmt/c2/task/v_dll.go:140:			Packet			0.0%
github.com/iDigitalFlame/xmt/c2/task/v_dll.go:147:			MarshalStream		0.0%
github.com/iDigitalFlame/xmt/c2/task/v_evade.go:40:			Evade			0.0%
github.com/iDigitalFlame/xmt/c2/task/v_evade.go:70:			CheckDLLFile		0.0%
github.com/iDigitalFlame/xmt/c2/task/v_evade.go:100:			PatchDLLFile		0.0%
github.com/iDigitalFlame/xmt/c2/task/v_evade.go:134:			CheckFunction		0.0%
github.com/iDigitalFlame/xmt/c2/task/v_evade.go:166:			PatchFunction		0.0%
github.com/iDigitalFlame/xmt/c2/task/v_evade.go:201:			CheckDLL		0.0%
github.com/iDigitalFlame/xmt/c2/task/v_evade.go:234:			PatchDLL		0.0%
github.com/iDigitalFlame/xmt/c2/task/v_evade.go:269:			CheckFunctionFile	0.0%
github.com/iDigitalFlame/xmt/c2/task/v_io.go:46:			ProcessList		0.0%
github.com/iDigitalFlame/xmt/c2/task/v_io.go:61:			Kill			0.0%
github.com/iDigitalFlame/xmt/c2/task/v_io.go:82:			Touch			0.0%
github.com/iDigitalFlame/xmt/c2/task/v_io.go:102:			KillName		0.0%
github.com/iDigitalFlame/xmt/c2/task/v_io.go:125:			Download		0.0%
github.com/iDigitalFlame/xmt/c2/task/v_io.go:148:			Move			0.0%
github.com/iDigitalFlame/xmt/c2/task/v_io.go:173:			Copy			0.0%
github.com/iDigitalFlame/xmt/c2/task/v_io.go:197:			Pull			0.0%
github.com/iDigitalFlame/xmt/c2/task/v_io.go:217:			Upload			0.0%
github.com/iDigitalFlame/xmt/c2/task/v_io.go:243:			ProcessDump		0.0%
github.com/iDigitalFlame/xmt/c2/task/v_io.go:265:			Delete			0.0%
github.com/iDigitalFlame/xmt/c2/task/v_io.go:296:			PullAgent		0.0%
github.com/iDigitalFlame/xmt/c2/task/v_io.go:323:			UploadFile		0.0%
github.com/iDigitalFlame/xmt/c2/task/v_io.go:350:			UploadReader		0.0%
github.com/iDigitalFlame/xmt/c2/task/v_io.go:387:			PullExecute		0.0%
github.com/iDigitalFlame/xmt/c2/task/v_io.go:408:			Restart			0.0%
github.com/iDigitalFlame/xmt/c2/task/v_io.go:438:			Shutdown		0.0%
github.com/iDigitalFlame/xmt/c2/task/v_io.go:485:			PullExecuteAgent	0.0%
github.com/iDigitalFlame/xmt/c2/task/v_io.go:511:			Netcat			0.0%
github.com/iDigitalFlame/xmt/c2/task/v_migrate.go:73:			Spawn			0.0%
github.com/iDigitalFlame/xmt/c2/task/v_migrate.go:109:			Migrate			0.0%
github.com/iDigitalFlame/xmt/c2/task/v_migrate.go:150:			SpawnPull		0.0%
github.com/iDigitalFlame/xmt/c2/task/v_migrate.go:193:			MigratePull		0.0%
github.com/iDigitalFlame/xmt/c2/task/v_migrate.go:227:			SpawnProfile		0.0%
github.com/iDigitalFlame/xmt/c2/task/v_migrate.go:272:			MigrateProfile		0.0%
github.com/iDigitalFlame/xmt/c2/task/v_migrate.go:313:			SpawnPullProfile	0.0%
github.com/iDigitalFlame/xmt/c2/task/v_migrate.go:354:			MigrateProfileEx	0.0%
github.com/iDigitalFlame/xmt/c2/task/v_migrate.go:407:			MigratePullProfile	0.0%
github.com/iDigitalFlame/xmt/c2/task/v_migrate.go:448:			MigratePullProfileEx	0.0%
github.com/iDigitalFlame/xmt/c2/task/v_process.go:64:			Run			0.0%
github.com/iDigitalFlame/xmt/c2/task/v_process.go:103:			Packet			0.0%
github.com/iDigitalFlame/xmt/c2/task/v_process.go:113:			SetStdin		0.0%
github.com/iDigitalFlame/xmt/c2/task/v_process.go:120:			MarshalStream		0.0%
github.com/iDigitalFlame/xmt/c2/task/v_registry.go:44:			RegLs			0.0%
github.com/iDigitalFlame/xmt/c2/task/v_registry.go:62:			RegMakeKey		0.0%
github.com/iDigitalFlame/xmt/c2/task/v_registry.go:86:			RegGet			0.0%
github.com/iDigitalFlame/xmt/c2/task/v_registry.go:108:			RegSetString		0.0%
github.com/iDigitalFlame/xmt/c2/task/v_registry.go:129:			RegDeleteKey		0.0%
github.com/iDigitalFlame/xmt/c2/task/v_registry.go:150:			RegDelete		0.0%
github.com/iDigitalFlame/xmt/c2/task/v_registry.go:173:			RegSetDword		0.0%
github.com/iDigitalFlame/xmt/c2/task/v_registry.go:196:			RegSetQword		0.0%
github.com/iDigitalFlame/xmt/c2/task/v_registry.go:219:			RegSetBytes		0.0%
github.com/iDigitalFlame/xmt/c2/task/v_registry.go:242:			RegSetExpandString	0.0%
github.com/iDigitalFlame/xmt/c2/task/v_registry.go:266:			RegSet			0.0%
github.com/iDigitalFlame/xmt/c2/task/v_registry.go:290:			RegSetStringList	0.0%
github.com/iDigitalFlame/xmt/c2/task/v_task.go:39:			Pwd			0.0%
github.com/iDigitalFlame/xmt/c2/task/v_task.go:53:			Mounts			0.0%
github.com/iDigitalFlame/xmt/c2/task/v_task.go:71:			Refresh			0.0%
github.com/iDigitalFlame/xmt/c2/task/v_task.go:90:			RevToSelf		0.0%
github.com/iDigitalFlame/xmt/c2/task/v_task.go:116:			UserLogins		0.0%
github.com/iDigitalFlame/xmt/c2/task/v_task.go:134:			ScreenShot		0.0%
github.com/iDigitalFlame/xmt/c2/task/v_task.go:159:			Ls			0.0%
github.com/iDigitalFlame/xmt/c2/task/v_task.go:176:			IsDebugged		0.0%
github.com/iDigitalFlame/xmt/c2/task/v_task.go:199:			Jitter			0.0%
github.com/iDigitalFlame/xmt/c2/task/v_task.go:219:			Cwd			0.0%
github.com/iDigitalFlame/xmt/c2/task/v_task.go:238:			Profile			0.0%
github.com/iDigitalFlame/xmt/c2/task/v_task.go:254:			ProcessName		0.0%
github.com/iDigitalFlame/xmt/c2/task/v_task.go:274:			Wait			0.0%
github.com/iDigitalFlame/xmt/c2/task/v_task.go:291:			UserLogoff		0.0%
github.com/iDigitalFlame/xmt/c2/task/v_task.go:316:			Sleep			0.0%
github.com/iDigitalFlame/xmt/c2/task/v_task.go:335:			ProxyRemove		0.0%
github.com/iDigitalFlame/xmt/c2/task/v_task.go:358:			UserProcesses		0.0%
github.com/iDigitalFlame/xmt/c2/task/v_task.go:385:			UnTrust			0.0%
github.com/iDigitalFlame/xmt/c2/task/v_task.go:412:			Elevate			0.0%
github.com/iDigitalFlame/xmt/c2/task/v_task.go:430:			UserDisconnect		0.0%
github.com/iDigitalFlame/xmt/c2/task/v_task.go:459:			Duration		0.0%
github.com/iDigitalFlame/xmt/c2/task/v_task.go:483:			Proxy			0.0%
github.com/iDigitalFlame/xmt/c2/task/v_task.go:507:			LoginUser		0.0%
github.com/iDigitalFlame/xmt/c2/task/v_task.go:532:			ProxyReplace		0.0%
github.com/iDigitalFlame/xmt/c2/task/v_task.go:558:			UserMessageBox		0.0%
github.com/iDigitalFlame/xmt/c2/task/v_ui.go:50:			WindowList		0.0%
github.com/iDigitalFlame/xmt/c2/task/v_ui.go:67:			SwapMouse		0.0%
github.com/iDigitalFlame/xmt/c2/task/v_ui.go:90:			BlockInput		0.0%
github.com/iDigitalFlame/xmt/c2/task/v_ui.go:116:			Wallpaper		0.0%
github.com/iDigitalFlame/xmt/c2/task/v_ui.go:136:			HighContrast		0.0%
github.com/iDigitalFlame/xmt/c2/task/v_ui.go:162:			WindowFocus		0.0%
github.com/iDigitalFlame/xmt/c2/task/v_ui.go:185:			WindowClose		0.0%
github.com/iDigitalFlame/xmt/c2/task/v_ui.go:210:			WallpaperBytes		0.0%
github.com/iDigitalFlame/xmt/c2/task/v_ui.go:230:			WindowWTF		0.0%
github.com/iDigitalFlame/xmt/c2/task/v_ui.go:254:			WindowShow		0.0%
github.com/iDigitalFlame/xmt/c2/task/v_ui.go:280:			WindowEnable		0.0%
github.com/iDigitalFlame/xmt/c2/task/v_ui.go:309:			WallpaperFile		0.0%
github.com/iDigitalFlame/xmt/c2/task/v_ui.go:337:			WindowSendInput		0.0%
github.com/iDigitalFlame/xmt/c2/task/v_ui.go:362:			WindowTransparency	0.0%
github.com/iDigitalFlame/xmt/c2/task/v_ui.go:388:			WallpaperReader		0.0%
github.com/iDigitalFlame/xmt/c2/task/v_ui.go:415:			WindowMove		0.0%
github.com/iDigitalFlame/xmt/c2/task/v_ui.go:448:			WindowMessageBox	0.0%
github.com/iDigitalFlame/xmt/c2/task/v_zombie.go:32:			SetStdin		0.0%
github.com/iDigitalFlame/xmt/c2/task/v_zombie.go:73:			ZombieAsm		0.0%
github.com/iDigitalFlame/xmt/c2/task/v_zombie.go:113:			ZombieAsmFile		0.0%
github.com/iDigitalFlame/xmt/c2/task/v_zombie.go:159:			ZombieDLLFile		0.0%
github.com/iDigitalFlame/xmt/c2/task/v_zombie.go:204:			ZombieDLLReader		0.0%
github.com/iDigitalFlame/xmt/c2/task/v_zombie.go:248:			ZombieAsmReader		0.0%
github.com/iDigitalFlame/xmt/c2/task/vx_no_crypt.go:57:			Shell			0.0%
github.com/iDigitalFlame/xmt/c2/task/y_nix.go:29:			taskTroll		0.0%
github.com/iDigitalFlame/xmt/c2/task/y_nix.go:32:			taskCheck		0.0%
github.com/iDigitalFlame/xmt/c2/task/y_nix.go:35:			taskPatch		0.0%
github.com/iDigitalFlame/xmt/c2/task/y_nix.go:38:			taskInject		0.0%
github.com/iDigitalFlame/xmt/c2/task/y_nix.go:41:			taskZombie		0.0%
github.com/iDigitalFlame/xmt/c2/task/y_nix.go:44:			taskUntrust		0.0%
github.com/iDigitalFlame/xmt/c2/task/y_nix.go:47:			taskRegistry		0.0%
github.com/iDigitalFlame/xmt/c2/task/y_nix.go:50:			taskInteract		0.0%
github.com/iDigitalFlame/xmt/c2/task/y_nix.go:53:			taskLoginsAct		0.0%
github.com/iDigitalFlame/xmt/c2/task/y_nix.go:56:			taskWindowList		0.0%
github.com/iDigitalFlame/xmt/c2/task/y_nix.go:59:			taskLoginsProc		0.0%
github.com/iDigitalFlame/xmt/c2/task/y_nix.go:68:			DLLUnmarshal		0.0%
github.com/iDigitalFlame/xmt/c2/task/y_nix.go:78:			ZombieUnmarshal		0.0%
github.com/iDigitalFlame/xmt/c2/task/yv_nix.go:29:			taskShutdown		0.0%
github.com/iDigitalFlame/xmt/c2/task/zombie.go:119:			Packet			0.0%
github.com/iDigitalFlame/xmt/c2/task/zombie.go:126:			MarshalStream		0.0%
github.com/iDigitalFlame/xmt/c2/task/zombie.go:170:			UnmarshalStream		0.0%
github.com/iDigitalFlame/xmt/c2/transform/base64.go:47:			B64Shift		100.0%
github.com/iDigitalFlame/xmt/c2/transform/base64.go:52:			Read			46.7%
github.com/iDigitalFlame/xmt/c2/transform/base64.go:78:			Write			87.5%
github.com/iDigitalFlame/xmt/c2/transform/base64.go:94:			decodeShift		75.0%
github.com/iDigitalFlame/xmt/c2/transform/dns.go:63:			createDefaults		100.0%
github.com/iDigitalFlame/xmt/c2/transform/dns.go:66:			Reset			100.0%
github.com/iDigitalFlame/xmt/c2/transform/dns.go:72:			DefaultDomains		100.0%
github.com/iDigitalFlame/xmt/c2/transform/dns.go:76:			pick			66.7%
github.com/iDigitalFlame/xmt/c2/transform/dns.go:89:			Flush			66.7%
github.com/iDigitalFlame/xmt/c2/transform/dns.go:103:			Write			80.0%
github.com/iDigitalFlame/xmt/c2/transform/dns.go:111:			decodePacket		77.8%
github.com/iDigitalFlame/xmt/c2/transform/dns.go:157:			decodePackets		77.8%
github.com/iDigitalFlame/xmt/c2/transform/dns.go:173:			Read			66.7%
github.com/iDigitalFlame/xmt/c2/transform/dns.go:185:			Write			66.7%
github.com/iDigitalFlame/xmt/c2/transform/dns.go:195:			encodePackets		76.9%
github.com/iDigitalFlame/xmt/c2/transform/dns.go:219:			encodePacket		74.6%
github.com/iDigitalFlame/xmt/c2/transform/x_no_crypt.go:21:		getDefaultDomains	100.0%
github.com/iDigitalFlame/xmt/c2/types.go:87:				close			0.0%
github.com/iDigitalFlame/xmt/c2/types.go:90:				Len			0.0%
github.com/iDigitalFlame/xmt/c2/types.go:93:				count			0.0%
github.com/iDigitalFlame/xmt/c2/types.go:96:				queue			0.0%
github.com/iDigitalFlame/xmt/c2/types.go:99:				Swap			0.0%
github.com/iDigitalFlame/xmt/c2/types.go:102:				listen			0.0%
github.com/iDigitalFlame/xmt/c2/types.go:119:				process			0.0%
github.com/iDigitalFlame/xmt/c2/types.go:174:				done			0.0%
github.com/iDigitalFlame/xmt/c2/types.go:192:				Less			0.0%
github.com/iDigitalFlame/xmt/c2/types.go:195:				add			0.0%
github.com/iDigitalFlame/xmt/c2/types.go:209:				Read			0.0%
github.com/iDigitalFlame/xmt/c2/u_proxy_single.go:36:			updateProxyStats	0.0%
github.com/iDigitalFlame/xmt/c2/u_proxy_single.go:62:			Proxy			0.0%
github.com/iDigitalFlame/xmt/c2/u_proxy_single.go:68:			checkProxyMarshal	0.0%
github.com/iDigitalFlame/xmt/c2/u_proxy_single.go:75:			writeProxyInfo		0.0%
github.com/iDigitalFlame/xmt/c2/u_proxy_single.go:111:			NewProxy		0.0%
github.com/iDigitalFlame/xmt/c2/vars.go:80:				returnBuffer		0.0%
github.com/iDigitalFlame/xmt/c2/vars.go:84:				isPacketNoP		0.0%
github.com/iDigitalFlame/xmt/c2/vars.go:87:				mergeTags		0.0%
github.com/iDigitalFlame/xmt/c2/vars.go:114:				readFull		0.0%
github.com/iDigitalFlame/xmt/c2/vars.go:124:				verifyPacket		0.0%
github.com/iDigitalFlame/xmt/c2/vars.go:134:				writeFull		0.0%
github.com/iDigitalFlame/xmt/c2/vars.go:144:				readSlice		0.0%
github.com/iDigitalFlame/xmt/c2/vars.go:154:				UnmarshalStream		0.0%
github.com/iDigitalFlame/xmt/c2/vars.go:160:				writeSlice		0.0%
github.com/iDigitalFlame/xmt/c2/vars.go:169:				receiveSingle		0.0%
github.com/iDigitalFlame/xmt/c2/vars.go:280:				receive			0.0%
github.com/iDigitalFlame/xmt/c2/vars.go:381:				writeUnpack		0.0%
github.com/iDigitalFlame/xmt/c2/vars.go:416:				readPacketFrom		0.0%
github.com/iDigitalFlame/xmt/c2/vars.go:435:				writePacketTo		0.0%
github.com/iDigitalFlame/xmt/c2/vars.go:457:				spinTimeout		0.0%
github.com/iDigitalFlame/xmt/c2/vars.go:477:				readPacket		0.0%
github.com/iDigitalFlame/xmt/c2/vars.go:520:				writePacket		0.0%
github.com/iDigitalFlame/xmt/c2/vars.go:544:				nextPacket		0.0%
github.com/iDigitalFlame/xmt/c2/wrapper/compress.go:65:			Close			0.0%
github.com/iDigitalFlame/xmt/c2/wrapper/compress.go:74:			Close			83.3%
github.com/iDigitalFlame/xmt/c2/wrapper/compress.go:83:			Unwrap			45.8%
github.com/iDigitalFlame/xmt/c2/wrapper/compress.go:121:		Wrap			87.5%
github.com/iDigitalFlame/xmt/c2/wrapper/crypto.go:42:			NewXOR			100.0%
github.com/iDigitalFlame/xmt/c2/wrapper/crypto.go:50:			NewCBK			100.0%
github.com/iDigitalFlame/xmt/c2/wrapper/crypto.go:55:			Unwrap			75.0%
github.com/iDigitalFlame/xmt/c2/wrapper/crypto.go:62:			Unwrap			100.0%
github.com/iDigitalFlame/xmt/c2/wrapper/crypto.go:65:			Unwrap			100.0%
github.com/iDigitalFlame/xmt/c2/wrapper/crypto.go:70:			Block			66.7%
github.com/iDigitalFlame/xmt/c2/wrapper/crypto.go:79:			Stream			100.0%
github.com/iDigitalFlame/xmt/c2/wrapper/crypto.go:82:			Wrap			75.0%
github.com/iDigitalFlame/xmt/c2/wrapper/crypto.go:89:			Wrap			100.0%
github.com/iDigitalFlame/xmt/c2/wrapper/crypto.go:92:			Wrap			100.0%
github.com/iDigitalFlame/xmt/c2/wrapper/simple.go:38:			Unwrap			75.0%
github.com/iDigitalFlame/xmt/c2/wrapper/simple.go:47:			Wrap			75.0%
github.com/iDigitalFlame/xmt/c2/x_key.go:32:				keyCheck		0.0%
github.com/iDigitalFlame/xmt/c2/x_key.go:45:				keyRevert		0.0%
github.com/iDigitalFlame/xmt/c2/x_key.go:48:				doNextKeySwap		0.0%
github.com/iDigitalFlame/xmt/c2/x_key.go:63:				generateKeys		0.0%
github.com/iDigitalFlame/xmt/c2/x_key.go:69:				generateSessionKey	0.0%
github.com/iDigitalFlame/xmt/c2/x_no_ews.go:23:				Wrap			0.0%
github.com/iDigitalFlame/xmt/c2/x_no_ews.go:24:				Unwrap			0.0%
github.com/iDigitalFlame/xmt/c2/x_no_ews.go:25:				Set			0.0%
github.com/iDigitalFlame/xmt/c2/x_no_ews.go:28:				String			0.0%
github.com/iDigitalFlame/xmt/c2/xz_key_no_implant.go:28:		sessionKeyInit		0.0%
github.com/iDigitalFlame/xmt/c2/xz_key_no_implant.go:42:		sessionKeyUpdate	0.0%
github.com/iDigitalFlame/xmt/c2/z_no_implant.go:37:			close			0.0%
github.com/iDigitalFlame/xmt/c2/z_no_implant.go:38:			count			0.0%
github.com/iDigitalFlame/xmt/c2/z_no_implant.go:41:			name			0.0%
github.com/iDigitalFlame/xmt/c2/z_no_implant.go:44:			String			0.0%
github.com/iDigitalFlame/xmt/c2/z_no_implant.go:63:			String			0.0%
github.com/iDigitalFlame/xmt/c2/z_no_implant.go:78:			JSON			0.0%
github.com/iDigitalFlame/xmt/c2/z_no_implant.go:111:			JSON			0.0%
github.com/iDigitalFlame/xmt/c2/z_no_implant.go:152:			oneshot			0.0%
github.com/iDigitalFlame/xmt/c2/z_no_implant.go:160:			JSON			0.0%
github.com/iDigitalFlame/xmt/c2/z_no_implant.go:252:			JSON			0.0%
github.com/iDigitalFlame/xmt/c2/z_no_implant.go:279:			MarshalJSON		0.0%
github.com/iDigitalFlame/xmt/c2/z_no_implant.go:288:			MarshalJSON		0.0%
github.com/iDigitalFlame/xmt/c2/z_no_implant.go:297:			MarshalJSON		0.0%
github.com/iDigitalFlame/xmt/c2/z_no_implant.go:306:			MarshalJSON		0.0%
github.com/iDigitalFlame/xmt/c2/z_no_implant.go:313:			updateProxyInfo		0.0%
github.com/iDigitalFlame/xmt/c2/zl_listener.go:53:			Wait			0.0%
github.com/iDigitalFlame/xmt/c2/zl_listener.go:56:			listen			0.0%
github.com/iDigitalFlame/xmt/c2/zl_listener.go:124:			clientLock		0.0%
github.com/iDigitalFlame/xmt/c2/zl_listener.go:133:			Close			0.0%
github.com/iDigitalFlame/xmt/c2/zl_listener.go:146:			clientUnlock		0.0%
github.com/iDigitalFlame/xmt/c2/zl_listener.go:152:			IsActive		0.0%
github.com/iDigitalFlame/xmt/c2/zl_listener.go:155:			prefix			0.0%
github.com/iDigitalFlame/xmt/c2/zl_listener.go:160:			String			0.0%
github.com/iDigitalFlame/xmt/c2/zl_listener.go:166:			Address			0.0%
github.com/iDigitalFlame/xmt/c2/zl_listener.go:169:			wrapper			0.0%
github.com/iDigitalFlame/xmt/c2/zl_listener.go:172:			clientClear		0.0%
github.com/iDigitalFlame/xmt/c2/zl_listener.go:180:			transform		0.0%
github.com/iDigitalFlame/xmt/c2/zl_listener.go:187:			Done			0.0%
github.com/iDigitalFlame/xmt/c2/zl_listener.go:190:			clientGet		0.0%
github.com/iDigitalFlame/xmt/c2/zl_listener.go:204:			Replace			0.0%
github.com/iDigitalFlame/xmt/c2/zl_listener.go:232:			clientSet		0.0%
github.com/iDigitalFlame/xmt/c2/zl_listener.go:248:			notify			0.0%
github.com/iDigitalFlame/xmt/c2/zl_listener.go:261:			talk			0.0%
github.com/iDigitalFlame/xmt/c2/zl_listener.go:355:			resolve			0.0%
github.com/iDigitalFlame/xmt/c2/zl_listener.go:367:			talkSub			0.0%
github.com/iDigitalFlame/xmt/c2/zs_no_implant.go:85:			Jobs			0.0%
github.com/iDigitalFlame/xmt/c2/zs_no_implant.go:101:			IsClient		0.0%
github.com/iDigitalFlame/xmt/c2/zs_no_implant.go:104:			accept			0.0%
github.com/iDigitalFlame/xmt/c2/zs_no_implant.go:120:			newJobID		0.0%
github.com/iDigitalFlame/xmt/c2/zs_no_implant.go:139:			Job			0.0%
github.com/iDigitalFlame/xmt/c2/zs_no_implant.go:151:			Listener		0.0%
github.com/iDigitalFlame/xmt/c2/zs_no_implant.go:154:			handle			0.0%
github.com/iDigitalFlame/xmt/c2/zs_no_implant.go:200:			frag			0.0%
github.com/iDigitalFlame/xmt/c2/zs_no_implant.go:229:			SetJitter		0.0%
github.com/iDigitalFlame/xmt/c2/zs_no_implant.go:240:			Task			0.0%
github.com/iDigitalFlame/xmt/c2/zs_no_implant.go:277:			setProfile		0.0%
github.com/iDigitalFlame/xmt/c2/zs_no_implant.go:297:			SetProfile		0.0%
github.com/iDigitalFlame/xmt/c2/zs_no_implant.go:322:			Tasklet			0.0%
github.com/iDigitalFlame/xmt/c2/zs_no_implant.go:338:			SetSleep		0.0%
github.com/iDigitalFlame/xmt/c2/zs_no_implant.go:355:			SetProfileBytes		0.0%
github.com/iDigitalFlame/xmt/c2/zs_no_implant.go:378:			SetDuration		0.0%
github.com/iDigitalFlame/xmt/c2/zs_no_implant.go:402:			handleInfoResult	0.0%
github.com/iDigitalFlame/xmt/c2/zu_proxy_no_implant.go:21:		prefix			0.0%
github.com/iDigitalFlame/xmt/cmd/asm.go:45:				Run			0.0%
github.com/iDigitalFlame/xmt/cmd/asm.go:55:				Stop			0.0%
github.com/iDigitalFlame/xmt/cmd/asm.go:63:				Wait			0.0%
github.com/iDigitalFlame/xmt/cmd/asm.go:74:				NewAsm			0.0%
github.com/iDigitalFlame/xmt/cmd/asm.go:79:				Running			0.0%
github.com/iDigitalFlame/xmt/cmd/asm.go:88:				Release			0.0%
github.com/iDigitalFlame/xmt/cmd/asm.go:96:				SetSuspended		0.0%
github.com/iDigitalFlame/xmt/cmd/asm.go:102:				ExitCode		0.0%
github.com/iDigitalFlame/xmt/cmd/asm.go:111:				Handle			0.0%
github.com/iDigitalFlame/xmt/cmd/asm.go:120:				Location		0.0%
github.com/iDigitalFlame/xmt/cmd/asm.go:129:				NewAsmContext		0.0%
github.com/iDigitalFlame/xmt/cmd/asm_nix.go:30:				Pid			0.0%
github.com/iDigitalFlame/xmt/cmd/asm_nix.go:42:				Start			0.0%
github.com/iDigitalFlame/xmt/cmd/asm_nix.go:50:				SetParent		0.0%
github.com/iDigitalFlame/xmt/cmd/dll.go:41:				Run			0.0%
github.com/iDigitalFlame/xmt/cmd/dll.go:51:				Stop			0.0%
github.com/iDigitalFlame/xmt/cmd/dll.go:59:				Wait			0.0%
github.com/iDigitalFlame/xmt/cmd/dll.go:70:				NewDLL			0.0%
github.com/iDigitalFlame/xmt/cmd/dll.go:75:				Running			0.0%
github.com/iDigitalFlame/xmt/cmd/dll.go:84:				Release			0.0%
github.com/iDigitalFlame/xmt/cmd/dll.go:92:				SetSuspended		0.0%
github.com/iDigitalFlame/xmt/cmd/dll.go:99:				Done			0.0%
github.com/iDigitalFlame/xmt/cmd/dll.go:105:				ExitCode		0.0%
github.com/iDigitalFlame/xmt/cmd/dll.go:114:				Handle			0.0%
github.com/iDigitalFlame/xmt/cmd/dll.go:123:				NewDLLContext		0.0%
github.com/iDigitalFlame/xmt/cmd/dll_nix.go:30:				Pid			0.0%
github.com/iDigitalFlame/xmt/cmd/dll_nix.go:42:				Start			0.0%
github.com/iDigitalFlame/xmt/cmd/dll_nix.go:50:				SetParent		0.0%
github.com/iDigitalFlame/xmt/cmd/exec.go:57:				Run			0.0%
github.com/iDigitalFlame/xmt/cmd/exec.go:66:				Pid			0.0%
github.com/iDigitalFlame/xmt/cmd/exec.go:77:				Wait			0.0%
github.com/iDigitalFlame/xmt/cmd/exec.go:93:				Stop			0.0%
github.com/iDigitalFlame/xmt/cmd/exec.go:106:				Start			0.0%
github.com/iDigitalFlame/xmt/cmd/exec.go:130:				Flags			0.0%
github.com/iDigitalFlame/xmt/cmd/exec.go:135:				Running			0.0%
github.com/iDigitalFlame/xmt/cmd/exec.go:141:				running			0.0%
github.com/iDigitalFlame/xmt/cmd/exec.go:155:				Release			0.0%
github.com/iDigitalFlame/xmt/cmd/exec.go:171:				Resume			0.0%
github.com/iDigitalFlame/xmt/cmd/exec.go:185:				Suspend			0.0%
github.com/iDigitalFlame/xmt/cmd/exec.go:200:				SetUID			0.0%
github.com/iDigitalFlame/xmt/cmd/exec.go:208:				SetGID			0.0%
github.com/iDigitalFlame/xmt/cmd/exec.go:214:				SetFlags		0.0%
github.com/iDigitalFlame/xmt/cmd/exec.go:220:				NewProcess		0.0%
github.com/iDigitalFlame/xmt/cmd/exec.go:231:				SetToken		0.0%
github.com/iDigitalFlame/xmt/cmd/exec.go:239:				SetNoWindow		0.0%
github.com/iDigitalFlame/xmt/cmd/exec.go:248:				SetDetached		0.0%
github.com/iDigitalFlame/xmt/cmd/exec.go:256:				SetSuspended		0.0%
github.com/iDigitalFlame/xmt/cmd/exec.go:266:				SetInheritEnv		0.0%
github.com/iDigitalFlame/xmt/cmd/exec.go:274:				SetNewConsole		0.0%
github.com/iDigitalFlame/xmt/cmd/exec.go:282:				SetFullscreen		0.0%
github.com/iDigitalFlame/xmt/cmd/exec.go:292:				SetWindowDisplay	0.0%
github.com/iDigitalFlame/xmt/cmd/exec.go:302:				SetWindowTitle		0.0%
github.com/iDigitalFlame/xmt/cmd/exec.go:308:				Output			0.0%
github.com/iDigitalFlame/xmt/cmd/exec.go:325:				Handle			0.0%
github.com/iDigitalFlame/xmt/cmd/exec.go:336:				ExitCode		0.0%
github.com/iDigitalFlame/xmt/cmd/exec.go:348:				SetLogin		0.0%
github.com/iDigitalFlame/xmt/cmd/exec.go:356:				SetWindowSize		0.0%
github.com/iDigitalFlame/xmt/cmd/exec.go:365:				SetParent		0.0%
github.com/iDigitalFlame/xmt/cmd/exec.go:373:				SetWindowPosition	0.0%
github.com/iDigitalFlame/xmt/cmd/exec.go:379:				CombinedOutput		0.0%
github.com/iDigitalFlame/xmt/cmd/exec.go:392:				stopWith		0.0%
github.com/iDigitalFlame/xmt/cmd/exec.go:424:				StdinPipe		0.0%
github.com/iDigitalFlame/xmt/cmd/exec.go:443:				StdoutPipe		0.0%
github.com/iDigitalFlame/xmt/cmd/exec.go:462:				StderrPipe		0.0%
github.com/iDigitalFlame/xmt/cmd/exec.go:477:				NewProcessContext	0.0%
github.com/iDigitalFlame/xmt/cmd/exec.go:480:				StdinPipe		0.0%
github.com/iDigitalFlame/xmt/cmd/exec.go:488:				StdoutPipe		0.0%
github.com/iDigitalFlame/xmt/cmd/exec.go:497:				StderrPipe		0.0%
github.com/iDigitalFlame/xmt/cmd/exec_nix.go:47:			close			0.0%
github.com/iDigitalFlame/xmt/cmd/exec_nix.go:60:			Pid			0.0%
github.com/iDigitalFlame/xmt/cmd/exec_nix.go:71:			ResumeProcess		0.0%
github.com/iDigitalFlame/xmt/cmd/exec_nix.go:74:			Handle			0.0%
github.com/iDigitalFlame/xmt/cmd/exec_nix.go:82:			SuspendProcess		0.0%
github.com/iDigitalFlame/xmt/cmd/exec_nix.go:85:			Resume			0.0%
github.com/iDigitalFlame/xmt/cmd/exec_nix.go:88:			Suspend			0.0%
github.com/iDigitalFlame/xmt/cmd/exec_nix.go:91:			isStarted		0.0%
github.com/iDigitalFlame/xmt/cmd/exec_nix.go:94:			isRunning		0.0%
github.com/iDigitalFlame/xmt/cmd/exec_nix.go:97:			SetToken		0.0%
github.com/iDigitalFlame/xmt/cmd/exec_nix.go:99:			wait			0.0%
github.com/iDigitalFlame/xmt/cmd/exec_nix.go:118:			SetFullscreen		0.0%
github.com/iDigitalFlame/xmt/cmd/exec_nix.go:120:			SetWindowDisplay	0.0%
github.com/iDigitalFlame/xmt/cmd/exec_nix.go:122:			SetWindowTitle		0.0%
github.com/iDigitalFlame/xmt/cmd/exec_nix.go:124:			SetLogin		0.0%
github.com/iDigitalFlame/xmt/cmd/exec_nix.go:125:			SetWindowSize		0.0%
github.com/iDigitalFlame/xmt/cmd/exec_nix.go:127:			SetUID			0.0%
github.com/iDigitalFlame/xmt/cmd/exec_nix.go:135:			SetGID			0.0%
github.com/iDigitalFlame/xmt/cmd/exec_nix.go:143:			SetWindowPosition	0.0%
github.com/iDigitalFlame/xmt/cmd/exec_nix.go:145:			SetNoWindow		0.0%
github.com/iDigitalFlame/xmt/cmd/exec_nix.go:147:			SetDetached		0.0%
github.com/iDigitalFlame/xmt/cmd/exec_nix.go:149:			SetSuspended		0.0%
github.com/iDigitalFlame/xmt/cmd/exec_nix.go:156:			SetNewConsole		0.0%
github.com/iDigitalFlame/xmt/cmd/exec_nix.go:158:			SetChroot		0.0%
github.com/iDigitalFlame/xmt/cmd/exec_nix.go:166:			kill			0.0%
github.com/iDigitalFlame/xmt/cmd/exec_nix.go:172:			SetParent		0.0%
github.com/iDigitalFlame/xmt/cmd/exec_nix.go:174:			start			0.0%
github.com/iDigitalFlame/xmt/cmd/filter/filter.go:88:			F			0.0%
github.com/iDigitalFlame/xmt/cmd/filter/filter.go:93:			B			0.0%
github.com/iDigitalFlame/xmt/cmd/filter/filter.go:98:			I			0.0%
github.com/iDigitalFlame/xmt/cmd/filter/filter.go:103:			E			0.0%
github.com/iDigitalFlame/xmt/cmd/filter/filter.go:108:			Empty			0.0%
github.com/iDigitalFlame/xmt/cmd/filter/filter.go:111:			isEmpty			100.0%
github.com/iDigitalFlame/xmt/cmd/filter/filter.go:116:			Clear			0.0%
github.com/iDigitalFlame/xmt/cmd/filter/filter.go:122:			SetPID			0.0%
github.com/iDigitalFlame/xmt/cmd/filter/filter.go:128:			SetSession		0.0%
github.com/iDigitalFlame/xmt/cmd/filter/filter.go:138:			SetElevated		75.0%
github.com/iDigitalFlame/xmt/cmd/filter/filter.go:148:			SetFallback		0.0%
github.com/iDigitalFlame/xmt/cmd/filter/filter.go:152:			UnmarshalJSON		0.0%
github.com/iDigitalFlame/xmt/cmd/filter/filter.go:182:			SetInclude		0.0%
github.com/iDigitalFlame/xmt/cmd/filter/filter.go:188:			SetExclude		0.0%
github.com/iDigitalFlame/xmt/cmd/filter/filter.go:195:			MarshalStream		52.9%
github.com/iDigitalFlame/xmt/cmd/filter/filter.go:225:			UnmarshalStream		62.5%
github.com/iDigitalFlame/xmt/cmd/filter/filter.go:238:			unmarshalStream		53.8%
github.com/iDigitalFlame/xmt/cmd/filter/filter.go:265:			UnmarshalStream		0.0%
github.com/iDigitalFlame/xmt/cmd/filter/filter_nix.go:30:		Select			0.0%
github.com/iDigitalFlame/xmt/cmd/filter/filter_nix.go:45:		Token			0.0%
github.com/iDigitalFlame/xmt/cmd/filter/filter_nix.go:58:		Thread			0.0%
github.com/iDigitalFlame/xmt/cmd/filter/filter_nix.go:70:		Handle			0.0%
github.com/iDigitalFlame/xmt/cmd/filter/filter_nix.go:86:		SelectFunc		0.0%
github.com/iDigitalFlame/xmt/cmd/filter/filter_nix.go:106:		TokenFunc		0.0%
github.com/iDigitalFlame/xmt/cmd/filter/filter_nix.go:122:		HandleFunc		0.0%
github.com/iDigitalFlame/xmt/cmd/filter/filter_nix.go:140:		ThreadFunc		0.0%
github.com/iDigitalFlame/xmt/cmd/filter/x_json.go:25:			MarshalJSON		0.0%
github.com/iDigitalFlame/xmt/cmd/filter/x_json.go:44:			MarshalJSON		0.0%
github.com/iDigitalFlame/xmt/cmd/filter/x_json.go:56:			UnmarshalJSON		0.0%
github.com/iDigitalFlame/xmt/cmd/list.go:32:				Len			0.0%
github.com/iDigitalFlame/xmt/cmd/list.go:35:				Swap			0.0%
github.com/iDigitalFlame/xmt/cmd/list.go:38:				Less			0.0%
github.com/iDigitalFlame/xmt/cmd/list.go:47:				MarshalStream		0.0%
github.com/iDigitalFlame/xmt/cmd/list.go:65:				UnmarshalStream		0.0%
github.com/iDigitalFlame/xmt/cmd/list_nix.go:26:			readProcStats		0.0%
github.com/iDigitalFlame/xmt/cmd/loader_no_client.go:295:		is64			0.0%
github.com/iDigitalFlame/xmt/cmd/loader_no_client.go:312:		pow			0.0%
github.com/iDigitalFlame/xmt/cmd/loader_no_client.go:321:		hashmod			0.0%
github.com/iDigitalFlame/xmt/cmd/loader_no_client.go:332:		rot			0.0%
github.com/iDigitalFlame/xmt/cmd/loader_no_client.go:345:		DLLToASM		0.0%
github.com/iDigitalFlame/xmt/cmd/loader_no_client.go:357:		buildLoader32		0.0%
github.com/iDigitalFlame/xmt/cmd/loader_no_client.go:376:		buildLoader64		0.0%
github.com/iDigitalFlame/xmt/cmd/thread_nix.go:28:			Pid			0.0%
github.com/iDigitalFlame/xmt/cmd/thread_nix.go:31:			Wait			0.0%
github.com/iDigitalFlame/xmt/cmd/thread_nix.go:34:			Stop			0.0%
github.com/iDigitalFlame/xmt/cmd/thread_nix.go:37:			Running			0.0%
github.com/iDigitalFlame/xmt/cmd/thread_nix.go:40:			Resume			0.0%
github.com/iDigitalFlame/xmt/cmd/thread_nix.go:43:			Suspend			0.0%
github.com/iDigitalFlame/xmt/cmd/thread_nix.go:46:			Release			0.0%
github.com/iDigitalFlame/xmt/cmd/thread_nix.go:49:			SetSuspended		0.0%
github.com/iDigitalFlame/xmt/cmd/thread_nix.go:50:			Done			0.0%
github.com/iDigitalFlame/xmt/cmd/thread_nix.go:53:			ExitCode		0.0%
github.com/iDigitalFlame/xmt/cmd/thread_nix.go:56:			Handle			0.0%
github.com/iDigitalFlame/xmt/cmd/thread_nix.go:59:			Location		0.0%
github.com/iDigitalFlame/xmt/cmd/util.go:69:				Split			90.0%
github.com/iDigitalFlame/xmt/cmd/util.go:95:				Error			0.0%
github.com/iDigitalFlame/xmt/cmd/y_linux_no_crypt.go:29:		Processes		0.0%
github.com/iDigitalFlame/xmt/cmd/z_list_nix.go:28:			getProcUser		0.0%
github.com/iDigitalFlame/xmt/cmd/zombie.go:41:				Run			0.0%
github.com/iDigitalFlame/xmt/cmd/zombie.go:50:				Wait			0.0%
github.com/iDigitalFlame/xmt/cmd/zombie.go:66:				Stop			0.0%
github.com/iDigitalFlame/xmt/cmd/zombie.go:77:				Running			0.0%
github.com/iDigitalFlame/xmt/cmd/zombie.go:85:				Resume			0.0%
github.com/iDigitalFlame/xmt/cmd/zombie.go:93:				Suspend			0.0%
github.com/iDigitalFlame/xmt/cmd/zombie.go:101:				SetSuspended		0.0%
github.com/iDigitalFlame/xmt/cmd/zombie.go:108:				ExitCode		0.0%
github.com/iDigitalFlame/xmt/cmd/zombie.go:119:				Handle			0.0%
github.com/iDigitalFlame/xmt/cmd/zombie.go:128:				Location		0.0%
github.com/iDigitalFlame/xmt/cmd/zombie.go:135:				NewZombie		0.0%
github.com/iDigitalFlame/xmt/cmd/zombie.go:144:				NewZombieContext	0.0%
github.com/iDigitalFlame/xmt/cmd/zombie_nix.go:31:			Start			0.0%
github.com/iDigitalFlame/xmt/com/flag.go:79:				Clear			0.0%
github.com/iDigitalFlame/xmt/com/flag.go:84:				Set			0.0%
github.com/iDigitalFlame/xmt/com/flag.go:89:				Len			0.0%
github.com/iDigitalFlame/xmt/com/flag.go:94:				Unset			0.0%
github.com/iDigitalFlame/xmt/com/flag.go:99:				Group			0.0%
github.com/iDigitalFlame/xmt/com/flag.go:104:				Position		0.0%
github.com/iDigitalFlame/xmt/com/flag.go:109:				SetLen			0.0%
github.com/iDigitalFlame/xmt/com/flag.go:114:				SetGroup		0.0%
github.com/iDigitalFlame/xmt/com/flag.go:119:				SetPosition		0.0%
github.com/iDigitalFlame/xmt/com/flag.go:124:				MarshalStream		0.0%
github.com/iDigitalFlame/xmt/com/flag.go:129:				UnmarshalStream		0.0%
github.com/iDigitalFlame/xmt/com/ip.go:52:				NewIP			100.0%
github.com/iDigitalFlame/xmt/com/ip.go:55:				Read			0.0%
github.com/iDigitalFlame/xmt/com/ip.go:69:				Connect			0.0%
github.com/iDigitalFlame/xmt/com/ip.go:76:				Listen			0.0%
github.com/iDigitalFlame/xmt/com/ip.go:92:				ReadFromUDPAddrPort	0.0%
github.com/iDigitalFlame/xmt/com/ip.go:109:				WriteToUDPAddrPort	0.0%
github.com/iDigitalFlame/xmt/com/limits/ignore.go:28:			Reset			0.0%
github.com/iDigitalFlame/xmt/com/limits/ignore.go:39:			Ignore			0.0%
github.com/iDigitalFlame/xmt/com/limits/ignore.go:45:			convertSignal		0.0%
github.com/iDigitalFlame/xmt/com/limits/signal.go:42:			watchSignals		0.0%
github.com/iDigitalFlame/xmt/com/limits/signal.go:57:			startSignals		0.0%
github.com/iDigitalFlame/xmt/com/limits/signal.go:85:			StopNotify		0.0%
github.com/iDigitalFlame/xmt/com/limits/signal.go:118:			Notify			0.0%
github.com/iDigitalFlame/xmt/com/limits/sweep.go:42:			MemorySweep		0.0%
github.com/iDigitalFlame/xmt/com/limits/sweep.go:45:			sweep			0.0%
github.com/iDigitalFlame/xmt/com/limits/sweep.go:73:			MemorySweepEx		0.0%
github.com/iDigitalFlame/xmt/com/packet.go:63:				Size			0.0%
github.com/iDigitalFlame/xmt/com/packet.go:82:				Add			0.0%
github.com/iDigitalFlame/xmt/com/packet.go:99:				Belongs			0.0%
github.com/iDigitalFlame/xmt/com/packet.go:105:				Marshal			60.0%
github.com/iDigitalFlame/xmt/com/packet.go:114:				readBody		44.8%
github.com/iDigitalFlame/xmt/com/packet.go:164:				Unmarshal		60.0%
github.com/iDigitalFlame/xmt/com/packet.go:173:				writeBody		30.4%
github.com/iDigitalFlame/xmt/com/packet.go:208:				readHeader		30.0%
github.com/iDigitalFlame/xmt/com/packet.go:297:				writeHeader		54.3%
github.com/iDigitalFlame/xmt/com/packet.go:356:				MarshalStream		0.0%
github.com/iDigitalFlame/xmt/com/packet.go:389:				UnmarshalStream		0.0%
github.com/iDigitalFlame/xmt/com/pipe/pipe.go:33:			Connect			0.0%
github.com/iDigitalFlame/xmt/com/pipe/pipe.go:38:			Listen			0.0%
github.com/iDigitalFlame/xmt/com/pipe/pipe_nix.go:41:			Close			0.0%
github.com/iDigitalFlame/xmt/com/pipe/pipe_nix.go:55:			Dial			0.0%
github.com/iDigitalFlame/xmt/com/pipe/pipe_nix.go:64:			Listen			0.0%
github.com/iDigitalFlame/xmt/com/pipe/pipe_nix.go:67:			stringToDec		0.0%
github.com/iDigitalFlame/xmt/com/pipe/pipe_nix.go:108:			getPerms		0.0%
github.com/iDigitalFlame/xmt/com/pipe/pipe_nix.go:148:			ListenPerms		0.0%
github.com/iDigitalFlame/xmt/com/pipe/pipe_nix.go:159:			DialTimeout		0.0%
github.com/iDigitalFlame/xmt/com/pipe/pipe_nix.go:170:			DialContext		0.0%
github.com/iDigitalFlame/xmt/com/pipe/pipe_nix.go:181:			ListenContext		0.0%
github.com/iDigitalFlame/xmt/com/pipe/pipe_nix.go:195:			ListenPermsContext	0.0%
github.com/iDigitalFlame/xmt/com/pipe/v_nix_no_implant.go:20:		String			0.0%
github.com/iDigitalFlame/xmt/com/pipe/xy_nix_no_crypt.go:33:		Format			0.0%
github.com/iDigitalFlame/xmt/com/tcp.go:40:				NewTCP			66.7%
github.com/iDigitalFlame/xmt/com/tcp.go:46:				Accept			0.0%
github.com/iDigitalFlame/xmt/com/tcp.go:59:				NewTLS			0.0%
github.com/iDigitalFlame/xmt/com/tcp.go:65:				Connect			0.0%
github.com/iDigitalFlame/xmt/com/tcp.go:68:				Connect			0.0%
github.com/iDigitalFlame/xmt/com/tcp.go:75:				Listen			0.0%
github.com/iDigitalFlame/xmt/com/tcp.go:82:				newStreamConn		0.0%
github.com/iDigitalFlame/xmt/com/tcp.go:88:				newStreamListener	0.0%
github.com/iDigitalFlame/xmt/com/tls.go:45:				NewTLSConfig		0.0%
github.com/iDigitalFlame/xmt/com/udp.go:93:				Timeout			0.0%
github.com/iDigitalFlame/xmt/com/udp.go:96:				Error			0.0%
github.com/iDigitalFlame/xmt/com/udp.go:99:				purge			0.0%
github.com/iDigitalFlame/xmt/com/udp.go:117:				Temporary		0.0%
github.com/iDigitalFlame/xmt/com/udp.go:120:				listen			0.0%
github.com/iDigitalFlame/xmt/com/udp.go:188:				Close			0.0%
github.com/iDigitalFlame/xmt/com/udp.go:197:				Network			0.0%
github.com/iDigitalFlame/xmt/com/udp.go:200:				String			0.0%
github.com/iDigitalFlame/xmt/com/udp.go:207:				Close			0.0%
github.com/iDigitalFlame/xmt/com/udp.go:212:				Addr			0.0%
github.com/iDigitalFlame/xmt/com/udp.go:215:				LocalAddr		0.0%
github.com/iDigitalFlame/xmt/com/udp.go:220:				NewUDP			66.7%
github.com/iDigitalFlame/xmt/com/udp.go:226:				RemoteAddr		0.0%
github.com/iDigitalFlame/xmt/com/udp.go:229:				receive			0.0%
github.com/iDigitalFlame/xmt/com/udp.go:242:				Read			0.0%
github.com/iDigitalFlame/xmt/com/udp.go:307:				Write			0.0%
github.com/iDigitalFlame/xmt/com/udp.go:352:				Read			0.0%
github.com/iDigitalFlame/xmt/com/udp.go:419:				Write			0.0%
github.com/iDigitalFlame/xmt/com/udp.go:459:				SetDeadline		0.0%
github.com/iDigitalFlame/xmt/com/udp.go:472:				Accept			0.0%
github.com/iDigitalFlame/xmt/com/udp.go:497:				SetDeadline		0.0%
github.com/iDigitalFlame/xmt/com/udp.go:510:				SetReadDeadline		0.0%
github.com/iDigitalFlame/xmt/com/udp.go:523:				SetWriteDeadline	0.0%
github.com/iDigitalFlame/xmt/com/udp.go:536:				SetReadDeadline		0.0%
github.com/iDigitalFlame/xmt/com/udp.go:549:				SetWriteDeadline	0.0%
github.com/iDigitalFlame/xmt/com/udp.go:562:				append			0.0%
github.com/iDigitalFlame/xmt/com/udp.go:579:				Connect			0.0%
github.com/iDigitalFlame/xmt/com/udp.go:586:				Listen			0.0%
github.com/iDigitalFlame/xmt/com/unix.go:30:				NewUNIX			0.0%
github.com/iDigitalFlame/xmt/com/unix.go:36:				NewSecureUNIX		0.0%
github.com/iDigitalFlame/xmt/com/unix.go:42:				Connect			0.0%
github.com/iDigitalFlame/xmt/com/unix.go:45:				Listen			0.0%
github.com/iDigitalFlame/xmt/com/v_no_impant.go:26:			String			0.0%
github.com/iDigitalFlame/xmt/com/v_no_impant.go:82:			byteHexStr		0.0%
github.com/iDigitalFlame/xmt/com/v_no_impant.go:90:			String			0.0%
github.com/iDigitalFlame/xmt/com/v_no_impant.go:128:			String			0.0%
github.com/iDigitalFlame/xmt/com/v_no_impant.go:131:			String			0.0%
github.com/iDigitalFlame/xmt/com/v_no_impant.go:134:			String			0.0%
github.com/iDigitalFlame/xmt/com/vars.go:78:				DialTCP			0.0%
github.com/iDigitalFlame/xmt/com/vars.go:84:				ListenTCP		0.0%
github.com/iDigitalFlame/xmt/com/vars.go:92:				DialTLS			0.0%
github.com/iDigitalFlame/xmt/com/vars.go:102:				SetListenerDeadline	0.0%
github.com/iDigitalFlame/xmt/com/vars.go:111:				ListenTLS		0.0%
github.com/iDigitalFlame/xmt/com/wc2/client.go:94:			Close			0.0%
github.com/iDigitalFlame/xmt/com/wc2/client.go:106:			Insecure		0.0%
github.com/iDigitalFlame/xmt/com/wc2/client.go:118:			rawParse		86.7%
github.com/iDigitalFlame/xmt/com/wc2/client.go:151:			NewClient		0.0%
github.com/iDigitalFlame/xmt/com/wc2/client.go:179:			Connect			0.0%
github.com/iDigitalFlame/xmt/com/wc2/client.go:182:			connect			0.0%
github.com/iDigitalFlame/xmt/com/wc2/listener.go:53:			Close			0.0%
github.com/iDigitalFlame/xmt/com/wc2/listener.go:62:			String			0.0%
github.com/iDigitalFlame/xmt/com/wc2/listener.go:65:			Timeout			0.0%
github.com/iDigitalFlame/xmt/com/wc2/listener.go:68:			Error			0.0%
github.com/iDigitalFlame/xmt/com/wc2/listener.go:71:			Temporary		0.0%
github.com/iDigitalFlame/xmt/com/wc2/listener.go:74:			Close			0.0%
github.com/iDigitalFlame/xmt/com/wc2/listener.go:89:			Addr			0.0%
github.com/iDigitalFlame/xmt/com/wc2/listener.go:92:			listen			0.0%
github.com/iDigitalFlame/xmt/com/wc2/listener.go:96:			Accept			0.0%
github.com/iDigitalFlame/xmt/com/wc2/listener.go:129:			context			0.0%
github.com/iDigitalFlame/xmt/com/wc2/listener.go:132:			ServeHTTP		0.0%
github.com/iDigitalFlame/xmt/com/wc2/rule.go:43:			match			60.0%
github.com/iDigitalFlame/xmt/com/wc2/rule.go:72:			Header			0.0%
github.com/iDigitalFlame/xmt/com/wc2/rule.go:78:			matchAll		0.0%
github.com/iDigitalFlame/xmt/com/wc2/server.go:57:			Close			0.0%
github.com/iDigitalFlame/xmt/com/wc2/server.go:67:			TargetAsRule		0.0%
github.com/iDigitalFlame/xmt/com/wc2/server.go:76:			Rule			0.0%
github.com/iDigitalFlame/xmt/com/wc2/server.go:92:			New			0.0%
github.com/iDigitalFlame/xmt/com/wc2/server.go:101:			Serve			0.0%
github.com/iDigitalFlame/xmt/com/wc2/server.go:117:			ServeFile		0.0%
github.com/iDigitalFlame/xmt/com/wc2/server.go:131:			Handle			0.0%
github.com/iDigitalFlame/xmt/com/wc2/server.go:139:			ServeDirectory		0.0%
github.com/iDigitalFlame/xmt/com/wc2/server.go:157:			NewTLS			0.0%
github.com/iDigitalFlame/xmt/com/wc2/server.go:185:			Connect			0.0%
github.com/iDigitalFlame/xmt/com/wc2/server.go:188:			Open			0.0%
github.com/iDigitalFlame/xmt/com/wc2/server.go:196:			Listen			0.0%
github.com/iDigitalFlame/xmt/com/wc2/server.go:233:			HandleFunc		0.0%
github.com/iDigitalFlame/xmt/com/wc2/target.go:47:			Reset			0.0%
github.com/iDigitalFlame/xmt/com/wc2/target.go:63:			Rule			63.3%
github.com/iDigitalFlame/xmt/com/wc2/target.go:109:			empty			100.0%
github.com/iDigitalFlame/xmt/com/wc2/target.go:112:			mutate			0.0%
github.com/iDigitalFlame/xmt/com/wc2/target.go:135:			Header			100.0%
github.com/iDigitalFlame/xmt/com/wc2/v_no_implant.go:21:		String			0.0%
github.com/iDigitalFlame/xmt/com/wc2/x_no_crypt.go:25:			Network			0.0%
github.com/iDigitalFlame/xmt/com/wc2/x_no_crypt.go:28:			modHeaders		0.0%
github.com/iDigitalFlame/xmt/data/chunk.go:62:				Reset			0.0%
github.com/iDigitalFlame/xmt/data/chunk.go:68:				Clear			0.0%
github.com/iDigitalFlame/xmt/data/chunk.go:74:				Size			66.7%
github.com/iDigitalFlame/xmt/data/chunk.go:82:				Flush			0.0%
github.com/iDigitalFlame/xmt/data/chunk.go:87:				Close			0.0%
github.com/iDigitalFlame/xmt/data/chunk.go:96:				Space			0.0%
github.com/iDigitalFlame/xmt/data/chunk.go:108:				Empty			100.0%
github.com/iDigitalFlame/xmt/data/chunk.go:114:				NewChunk		100.0%
github.com/iDigitalFlame/xmt/data/chunk.go:119:				String			0.0%
github.com/iDigitalFlame/xmt/data/chunk.go:129:				Remaining		0.0%
github.com/iDigitalFlame/xmt/data/chunk.go:141:				Payload			75.0%
github.com/iDigitalFlame/xmt/data/chunk.go:151:				Grow			0.0%
github.com/iDigitalFlame/xmt/data/chunk.go:165:				Available		0.0%
github.com/iDigitalFlame/xmt/data/chunk.go:174:				Truncate		0.0%
github.com/iDigitalFlame/xmt/data/chunk.go:185:				grow			26.9%
github.com/iDigitalFlame/xmt/data/chunk.go:226:				reslice			55.6%
github.com/iDigitalFlame/xmt/data/chunk.go:241:				trySlice		0.0%
github.com/iDigitalFlame/xmt/data/chunk.go:256:				Read			66.7%
github.com/iDigitalFlame/xmt/data/chunk.go:274:				Write			77.8%
github.com/iDigitalFlame/xmt/data/chunk.go:291:				MarshalStream		0.0%
github.com/iDigitalFlame/xmt/data/chunk.go:300:				UnmarshalStream		0.0%
github.com/iDigitalFlame/xmt/data/chunk.go:315:				WriteTo			80.0%
github.com/iDigitalFlame/xmt/data/chunk.go:346:				Seek			50.0%
github.com/iDigitalFlame/xmt/data/chunk.go:370:				ReadFrom		61.5%
github.com/iDigitalFlame/xmt/data/chunk.go:424:				ReadDeadline		0.0%
github.com/iDigitalFlame/xmt/data/chunk_reader.go:22:			Int			0.0%
github.com/iDigitalFlame/xmt/data/chunk_reader.go:31:			Uint			0.0%
github.com/iDigitalFlame/xmt/data/chunk_reader.go:40:			Bool			0.0%
github.com/iDigitalFlame/xmt/data/chunk_reader.go:49:			Int8			75.0%
github.com/iDigitalFlame/xmt/data/chunk_reader.go:58:			ReadInt			0.0%
github.com/iDigitalFlame/xmt/data/chunk_reader.go:68:			Int16			0.0%
github.com/iDigitalFlame/xmt/data/chunk_reader.go:77:			Int32			75.0%
github.com/iDigitalFlame/xmt/data/chunk_reader.go:86:			Int64			0.0%
github.com/iDigitalFlame/xmt/data/chunk_reader.go:95:			Uint8			80.0%
github.com/iDigitalFlame/xmt/data/chunk_reader.go:105:			Bytes			38.2%
github.com/iDigitalFlame/xmt/data/chunk_reader.go:169:			ReadUint		0.0%
github.com/iDigitalFlame/xmt/data/chunk_reader.go:179:			ReadInt8		0.0%
github.com/iDigitalFlame/xmt/data/chunk_reader.go:189:			ReadBool		0.0%
github.com/iDigitalFlame/xmt/data/chunk_reader.go:199:			Uint16			0.0%
github.com/iDigitalFlame/xmt/data/chunk_reader.go:210:			Uint32			83.3%
github.com/iDigitalFlame/xmt/data/chunk_reader.go:221:			Uint64			83.3%
github.com/iDigitalFlame/xmt/data/chunk_reader.go:233:			ReadInt16		0.0%
github.com/iDigitalFlame/xmt/data/chunk_reader.go:243:			ReadInt32		0.0%
github.com/iDigitalFlame/xmt/data/chunk_reader.go:253:			ReadInt64		0.0%
github.com/iDigitalFlame/xmt/data/chunk_reader.go:263:			ReadUint8		0.0%
github.com/iDigitalFlame/xmt/data/chunk_reader.go:273:			Float32			75.0%
github.com/iDigitalFlame/xmt/data/chunk_reader.go:282:			Float64			0.0%
github.com/iDigitalFlame/xmt/data/chunk_reader.go:291:			ReadBytes		0.0%
github.com/iDigitalFlame/xmt/data/chunk_reader.go:301:			StringVal		75.0%
github.com/iDigitalFlame/xmt/data/chunk_reader.go:310:			ReadUint16		0.0%
github.com/iDigitalFlame/xmt/data/chunk_reader.go:320:			ReadUint32		0.0%
github.com/iDigitalFlame/xmt/data/chunk_reader.go:330:			ReadUint64		0.0%
github.com/iDigitalFlame/xmt/data/chunk_reader.go:340:			ReadString		0.0%
github.com/iDigitalFlame/xmt/data/chunk_reader.go:350:			ReadFloat32		0.0%
github.com/iDigitalFlame/xmt/data/chunk_reader.go:360:			ReadFloat64		0.0%
github.com/iDigitalFlame/xmt/data/chunk_writer.go:22:			WriteInt		0.0%
github.com/iDigitalFlame/xmt/data/chunk_writer.go:27:			WriteUint		0.0%
github.com/iDigitalFlame/xmt/data/chunk_writer.go:32:			WriteInt8		100.0%
github.com/iDigitalFlame/xmt/data/chunk_writer.go:37:			WriteBool		0.0%
github.com/iDigitalFlame/xmt/data/chunk_writer.go:45:			WriteInt16		0.0%
github.com/iDigitalFlame/xmt/data/chunk_writer.go:50:			WriteInt32		100.0%
github.com/iDigitalFlame/xmt/data/chunk_writer.go:55:			WriteInt64		0.0%
github.com/iDigitalFlame/xmt/data/chunk_writer.go:60:			WriteUint8		66.7%
github.com/iDigitalFlame/xmt/data/chunk_writer.go:72:			WriteBytes		21.2%
github.com/iDigitalFlame/xmt/data/chunk_writer.go:128:			WriteUint16		0.0%
github.com/iDigitalFlame/xmt/data/chunk_writer.go:140:			WriteUint32		66.7%
github.com/iDigitalFlame/xmt/data/chunk_writer.go:152:			WriteUint64		66.7%
github.com/iDigitalFlame/xmt/data/chunk_writer.go:167:			WriteString		100.0%
github.com/iDigitalFlame/xmt/data/chunk_writer.go:172:			WriteFloat32		66.7%
github.com/iDigitalFlame/xmt/data/chunk_writer.go:180:			WriteFloat64		0.0%
github.com/iDigitalFlame/xmt/data/chunk_writer.go:193:			WriteBoolPos		0.0%
github.com/iDigitalFlame/xmt/data/chunk_writer.go:214:			WriteUint8Pos		0.0%
github.com/iDigitalFlame/xmt/data/chunk_writer.go:232:			WriteUint16Pos		71.4%
github.com/iDigitalFlame/xmt/data/chunk_writer.go:250:			WriteUint32Pos		0.0%
github.com/iDigitalFlame/xmt/data/chunk_writer.go:268:			WriteUint64Pos		0.0%
github.com/iDigitalFlame/xmt/data/crypto/cbk.go:64:			NewCBK			0.0%
github.com/iDigitalFlame/xmt/data/crypto/cbk.go:70:			Reset			83.3%
github.com/iDigitalFlame/xmt/data/crypto/cbk.go:81:			BlockSize		0.0%
github.com/iDigitalFlame/xmt/data/crypto/cbk.go:86:			Shuffle			90.0%
github.com/iDigitalFlame/xmt/data/crypto/cbk.go:110:			Deshuffle		90.0%
github.com/iDigitalFlame/xmt/data/crypto/cbk.go:131:			adjust			60.0%
github.com/iDigitalFlame/xmt/data/crypto/cbk.go:143:			Encrypt			0.0%
github.com/iDigitalFlame/xmt/data/crypto/cbk.go:151:			Decrypt			0.0%
github.com/iDigitalFlame/xmt/data/crypto/cbk.go:158:			Flush			100.0%
github.com/iDigitalFlame/xmt/data/crypto/cbk.go:162:			scramble		100.0%
github.com/iDigitalFlame/xmt/data/crypto/cbk.go:198:			cipherTable		100.0%
github.com/iDigitalFlame/xmt/data/crypto/cbk.go:216:			readInput		72.0%
github.com/iDigitalFlame/xmt/data/crypto/cbk.go:255:			blockIndex		72.2%
github.com/iDigitalFlame/xmt/data/crypto/cbk.go:292:			flushOutput		89.5%
github.com/iDigitalFlame/xmt/data/crypto/cbk.go:324:			NewCBKSource		50.0%
github.com/iDigitalFlame/xmt/data/crypto/cbk.go:334:			clear			100.0%
github.com/iDigitalFlame/xmt/data/crypto/cbk.go:345:			NewCBKEx		66.7%
github.com/iDigitalFlame/xmt/data/crypto/cbk.go:360:			Read			50.0%
github.com/iDigitalFlame/xmt/data/crypto/cbk.go:397:			Write			61.1%
github.com/iDigitalFlame/xmt/data/crypto/crypto.go:56:			Flush			60.0%
github.com/iDigitalFlame/xmt/data/crypto/crypto.go:65:			Close			80.0%
github.com/iDigitalFlame/xmt/data/crypto/crypto.go:80:			UnwrapString		0.0%
github.com/iDigitalFlame/xmt/data/crypto/crypto.go:90:			NewAes			100.0%
github.com/iDigitalFlame/xmt/data/crypto/crypto.go:93:			Read			100.0%
github.com/iDigitalFlame/xmt/data/crypto/crypto.go:96:			Write			100.0%
github.com/iDigitalFlame/xmt/data/crypto/crypto.go:101:			NewReader		66.7%
github.com/iDigitalFlame/xmt/data/crypto/crypto.go:109:			NewWriter		66.7%
github.com/iDigitalFlame/xmt/data/crypto/crypto.go:121:			Decrypter		66.7%
github.com/iDigitalFlame/xmt/data/crypto/crypto.go:133:			Encrypter		66.7%
github.com/iDigitalFlame/xmt/data/crypto/subtle/xor.go:33:		XorOp			57.1%
github.com/iDigitalFlame/xmt/data/crypto/subtle/xor.go:54:		XorBytes		62.5%
github.com/iDigitalFlame/xmt/data/crypto/xor.go:41:			BlockSize		100.0%
github.com/iDigitalFlame/xmt/data/crypto/xor.go:47:			Operate			66.7%
github.com/iDigitalFlame/xmt/data/crypto/xor.go:55:			Flush			66.7%
github.com/iDigitalFlame/xmt/data/crypto/xor.go:64:			Decrypt			0.0%
github.com/iDigitalFlame/xmt/data/crypto/xor.go:70:			Encrypt			100.0%
github.com/iDigitalFlame/xmt/data/crypto/xor.go:75:			Read			100.0%
github.com/iDigitalFlame/xmt/data/crypto/xor.go:84:			Write			45.0%
github.com/iDigitalFlame/xmt/data/data_reader.go:27:			Close			0.0%
github.com/iDigitalFlame/xmt/data/data_reader.go:35:			NewReader		100.0%
github.com/iDigitalFlame/xmt/data/data_reader.go:38:			Int			0.0%
github.com/iDigitalFlame/xmt/data/data_reader.go:45:			Uint			0.0%
github.com/iDigitalFlame/xmt/data/data_reader.go:52:			Bool			75.0%
github.com/iDigitalFlame/xmt/data/data_reader.go:59:			Int8			0.0%
github.com/iDigitalFlame/xmt/data/data_reader.go:66:			ReadInt			0.0%
github.com/iDigitalFlame/xmt/data/data_reader.go:74:			Int16			0.0%
github.com/iDigitalFlame/xmt/data/data_reader.go:81:			Int32			0.0%
github.com/iDigitalFlame/xmt/data/data_reader.go:88:			Int64			0.0%
github.com/iDigitalFlame/xmt/data/data_reader.go:95:			Uint8			66.7%
github.com/iDigitalFlame/xmt/data/data_reader.go:105:			Bytes			41.2%
github.com/iDigitalFlame/xmt/data/data_reader.go:167:			ReadUint		0.0%
github.com/iDigitalFlame/xmt/data/data_reader.go:175:			ReadInt8		0.0%
github.com/iDigitalFlame/xmt/data/data_reader.go:183:			ReadBool		80.0%
github.com/iDigitalFlame/xmt/data/data_reader.go:191:			Uint16			71.4%
github.com/iDigitalFlame/xmt/data/data_reader.go:202:			Uint32			71.4%
github.com/iDigitalFlame/xmt/data/data_reader.go:213:			Uint64			0.0%
github.com/iDigitalFlame/xmt/data/data_reader.go:225:			ReadInt16		0.0%
github.com/iDigitalFlame/xmt/data/data_reader.go:233:			ReadInt32		0.0%
github.com/iDigitalFlame/xmt/data/data_reader.go:241:			ReadInt64		0.0%
github.com/iDigitalFlame/xmt/data/data_reader.go:249:			ReadUint8		80.0%
github.com/iDigitalFlame/xmt/data/data_reader.go:257:			Float32			0.0%
github.com/iDigitalFlame/xmt/data/data_reader.go:264:			Float64			0.0%
github.com/iDigitalFlame/xmt/data/data_reader.go:271:			ReadBytes		0.0%
github.com/iDigitalFlame/xmt/data/data_reader.go:279:			Read			0.0%
github.com/iDigitalFlame/xmt/data/data_reader.go:282:			ReadUint16		0.0%
github.com/iDigitalFlame/xmt/data/data_reader.go:290:			ReadUint32		80.0%
github.com/iDigitalFlame/xmt/data/data_reader.go:298:			ReadUint64		0.0%
github.com/iDigitalFlame/xmt/data/data_reader.go:306:			ReadString		80.0%
github.com/iDigitalFlame/xmt/data/data_reader.go:314:			StringVal		75.0%
github.com/iDigitalFlame/xmt/data/data_reader.go:321:			ReadFloat32		0.0%
github.com/iDigitalFlame/xmt/data/data_reader.go:329:			ReadFloat64		0.0%
github.com/iDigitalFlame/xmt/data/data_writer.go:29:			Flush			0.0%
github.com/iDigitalFlame/xmt/data/data_writer.go:35:			Close			0.0%
github.com/iDigitalFlame/xmt/data/data_writer.go:43:			NewWriter		100.0%
github.com/iDigitalFlame/xmt/data/data_writer.go:46:			WriteInt		0.0%
github.com/iDigitalFlame/xmt/data/data_writer.go:49:			WriteUint		0.0%
github.com/iDigitalFlame/xmt/data/data_writer.go:52:			WriteInt8		0.0%
github.com/iDigitalFlame/xmt/data/data_writer.go:55:			WriteBool		100.0%
github.com/iDigitalFlame/xmt/data/data_writer.go:61:			WriteInt16		0.0%
github.com/iDigitalFlame/xmt/data/data_writer.go:64:			WriteInt32		0.0%
github.com/iDigitalFlame/xmt/data/data_writer.go:67:			WriteInt64		0.0%
github.com/iDigitalFlame/xmt/data/data_writer.go:70:			WriteUint8		75.0%
github.com/iDigitalFlame/xmt/data/data_writer.go:77:			WriteBytes		34.8%
github.com/iDigitalFlame/xmt/data/data_writer.go:116:			WriteUint16		75.0%
github.com/iDigitalFlame/xmt/data/data_writer.go:123:			WriteUint32		75.0%
github.com/iDigitalFlame/xmt/data/data_writer.go:130:			WriteUint64		0.0%
github.com/iDigitalFlame/xmt/data/data_writer.go:140:			WriteString		100.0%
github.com/iDigitalFlame/xmt/data/data_writer.go:143:			Write			100.0%
github.com/iDigitalFlame/xmt/data/data_writer.go:146:			WriteFloat32		0.0%
github.com/iDigitalFlame/xmt/data/data_writer.go:149:			WriteFloat64		0.0%
github.com/iDigitalFlame/xmt/data/error.go:45:				Error			0.0%
github.com/iDigitalFlame/xmt/data/error.go:51:				Unwrap			0.0%
github.com/iDigitalFlame/xmt/data/error.go:54:				Error			0.0%
github.com/iDigitalFlame/xmt/data/util.go:39:				Close			0.0%
github.com/iDigitalFlame/xmt/data/util.go:43:				Close			0.0%
github.com/iDigitalFlame/xmt/data/util.go:46:				Close			100.0%
github.com/iDigitalFlame/xmt/data/util.go:49:				float32ToInt		100.0%
github.com/iDigitalFlame/xmt/data/util.go:52:				float64ToInt		0.0%
github.com/iDigitalFlame/xmt/data/util.go:55:				float32FromInt		100.0%
github.com/iDigitalFlame/xmt/data/util.go:58:				float64FromInt		0.0%
github.com/iDigitalFlame/xmt/data/util.go:63:				ReadCloser		0.0%
github.com/iDigitalFlame/xmt/data/util.go:71:				WriteCloser		66.7%
github.com/iDigitalFlame/xmt/data/util.go:77:				Read			0.0%
github.com/iDigitalFlame/xmt/data/util.go:92:				ReadStringList		44.8%
github.com/iDigitalFlame/xmt/data/util.go:142:				WriteStringList		36.0%
github.com/iDigitalFlame/xmt/data/util.go:190:				NewCtxReader		0.0%
github.com/iDigitalFlame/xmt/data/x_key.go:28:				Crypt			0.0%
github.com/iDigitalFlame/xmt/device/address.go:40:			Len			100.0%
github.com/iDigitalFlame/xmt/device/address.go:49:			Is4			100.0%
github.com/iDigitalFlame/xmt/device/address.go:54:			Is6			100.0%
github.com/iDigitalFlame/xmt/device/address.go:62:			IP			0.0%
github.com/iDigitalFlame/xmt/device/address.go:76:			Set			55.6%
github.com/iDigitalFlame/xmt/device/address.go:93:			String			0.0%
github.com/iDigitalFlame/xmt/device/address.go:146:			IsLoopback		100.0%
github.com/iDigitalFlame/xmt/device/address.go:151:			IsMulticast		100.0%
github.com/iDigitalFlame/xmt/device/address.go:156:			IsBroadcast		100.0%
github.com/iDigitalFlame/xmt/device/address.go:159:			grab			0.0%
github.com/iDigitalFlame/xmt/device/address.go:169:			IsUnspecified		100.0%
github.com/iDigitalFlame/xmt/device/address.go:175:			ToAddr			0.0%
github.com/iDigitalFlame/xmt/device/address.go:192:			SetBytes		0.0%
github.com/iDigitalFlame/xmt/device/address.go:217:			IsGlobalUnicast		100.0%
github.com/iDigitalFlame/xmt/device/address.go:222:			IsLinkLocalUnicast	100.0%
github.com/iDigitalFlame/xmt/device/address.go:225:			write			0.0%
github.com/iDigitalFlame/xmt/device/address.go:239:			IsLinkLocalMulticast	0.0%
github.com/iDigitalFlame/xmt/device/address.go:242:			writeHex		0.0%
github.com/iDigitalFlame/xmt/device/address.go:260:			MarshalStream		0.0%
github.com/iDigitalFlame/xmt/device/address.go:268:			UnmarshalStream		0.0%
github.com/iDigitalFlame/xmt/device/arch/z_no_implant.go:22:		String			0.0%
github.com/iDigitalFlame/xmt/device/daemon_nix.go:38:			Daemon			0.0%
github.com/iDigitalFlame/xmt/device/daemon_nix.go:74:			DaemonTicker		0.0%
github.com/iDigitalFlame/xmt/device/evade_nix.go:28:			Evade			0.0%
github.com/iDigitalFlame/xmt/device/id.go:45:				Empty			100.0%
github.com/iDigitalFlame/xmt/device/id.go:51:				Hash			0.0%
github.com/iDigitalFlame/xmt/device/id.go:61:				Full			0.0%
github.com/iDigitalFlame/xmt/device/id.go:66:				String			0.0%
github.com/iDigitalFlame/xmt/device/id.go:75:				Seed			0.0%
github.com/iDigitalFlame/xmt/device/id.go:84:				Signature		0.0%
github.com/iDigitalFlame/xmt/device/id.go:93:				Load			0.0%
github.com/iDigitalFlame/xmt/device/id.go:108:				Save			0.0%
github.com/iDigitalFlame/xmt/device/id.go:122:				Read			40.0%
github.com/iDigitalFlame/xmt/device/id.go:136:				Write			75.0%
github.com/iDigitalFlame/xmt/device/id.go:143:				string			0.0%
github.com/iDigitalFlame/xmt/device/id.go:158:				MarshalStream		0.0%
github.com/iDigitalFlame/xmt/device/id.go:165:				UnmarshalStream		0.0%
github.com/iDigitalFlame/xmt/device/local/js_nix.go:26:			getPPID			100.0%
github.com/iDigitalFlame/xmt/device/local/js_nix.go:29:			getUsername		50.0%
github.com/iDigitalFlame/xmt/device/local/linux_no_crypt.go:23:		sysID			60.0%
github.com/iDigitalFlame/xmt/device/local/linux_no_crypt.go:31:		version			55.6%
github.com/iDigitalFlame/xmt/device/local/local.go:57:			Elevated		0.0%
github.com/iDigitalFlame/xmt/device/local/local.go:60:			getID			75.0%
github.com/iDigitalFlame/xmt/device/local/local.go:89:			init			100.0%
github.com/iDigitalFlame/xmt/device/local/local.go:95:			fixHostname		50.0%
github.com/iDigitalFlame/xmt/device/local/local.go:106:			Refresh			0.0%
github.com/iDigitalFlame/xmt/device/local/nix.go:23:			uname			88.9%
github.com/iDigitalFlame/xmt/device/local/unix.go:26:			isElevated		60.0%
github.com/iDigitalFlame/xmt/device/local/unix_no_crypt.go:28:		release			90.0%
github.com/iDigitalFlame/xmt/device/local/z_arch.go:23:			systemType		100.0%
github.com/iDigitalFlame/xmt/device/machine.go:42:			OS			0.0%
github.com/iDigitalFlame/xmt/device/machine.go:48:			IsElevated		0.0%
github.com/iDigitalFlame/xmt/device/machine.go:54:			IsDomainJoined		0.0%
github.com/iDigitalFlame/xmt/device/machine.go:61:			Arch			0.0%
github.com/iDigitalFlame/xmt/device/machine.go:67:			MarshalStream		0.0%
github.com/iDigitalFlame/xmt/device/machine.go:100:			UnmarshalStream		0.0%
github.com/iDigitalFlame/xmt/device/network.go:39:			Len			0.0%
github.com/iDigitalFlame/xmt/device/network.go:42:			String			0.0%
github.com/iDigitalFlame/xmt/device/network.go:64:			Refresh			80.8%
github.com/iDigitalFlame/xmt/device/network.go:105:			mac			100.0%
github.com/iDigitalFlame/xmt/device/network.go:112:			MarshalStream		0.0%
github.com/iDigitalFlame/xmt/device/network.go:132:			MarshalStream		0.0%
github.com/iDigitalFlame/xmt/device/network.go:144:			MarshalStream		0.0%
github.com/iDigitalFlame/xmt/device/network.go:147:			UnmarshalStream		0.0%
github.com/iDigitalFlame/xmt/device/network.go:168:			UnmarshalStream		0.0%
github.com/iDigitalFlame/xmt/device/network.go:181:			UnmarshalStream		0.0%
github.com/iDigitalFlame/xmt/device/os.go:76:				init			100.0%
github.com/iDigitalFlame/xmt/device/os.go:87:				Expand			56.1%
github.com/iDigitalFlame/xmt/device/os.go:190:				MarshalStream		0.0%
github.com/iDigitalFlame/xmt/device/os.go:213:				UnmarshalStream		0.0%
github.com/iDigitalFlame/xmt/device/proxy.go:63:			parse			0.0%
github.com/iDigitalFlame/xmt/device/proxy.go:110:			realAddr		0.0%
github.com/iDigitalFlame/xmt/device/proxy.go:128:			usable			0.0%
github.com/iDigitalFlame/xmt/device/proxy.go:158:			parse			0.0%
github.com/iDigitalFlame/xmt/device/proxy.go:200:			Proxy			0.0%
github.com/iDigitalFlame/xmt/device/proxy.go:211:			match			0.0%
github.com/iDigitalFlame/xmt/device/proxy.go:214:			match			0.0%
github.com/iDigitalFlame/xmt/device/proxy.go:220:			match			0.0%
github.com/iDigitalFlame/xmt/device/proxy.go:223:			match			0.0%
github.com/iDigitalFlame/xmt/device/proxy.go:229:			proxyForURL		0.0%
github.com/iDigitalFlame/xmt/device/proxy.go:241:			ProxyFunc		0.0%
github.com/iDigitalFlame/xmt/device/regedit/entry.go:39:		IsKey			0.0%
github.com/iDigitalFlame/xmt/device/regedit/entry.go:44:		IsZero			0.0%
github.com/iDigitalFlame/xmt/device/regedit/entry.go:53:		ToBinary		0.0%
github.com/iDigitalFlame/xmt/device/regedit/entry.go:64:		ToString		0.0%
github.com/iDigitalFlame/xmt/device/regedit/entry.go:79:		ToInteger		70.0%
github.com/iDigitalFlame/xmt/device/regedit/entry.go:103:		ToStringList		0.0%
github.com/iDigitalFlame/xmt/device/regedit/entry.go:129:		MarshalStream		0.0%
github.com/iDigitalFlame/xmt/device/regedit/entry.go:140:		UnmarshalStream		0.0%
github.com/iDigitalFlame/xmt/device/regedit/v_no_implant.go:33:		String			0.0%
github.com/iDigitalFlame/xmt/device/regedit/v_no_implant.go:95:		TypeName		0.0%
github.com/iDigitalFlame/xmt/device/regedit/y_nix.go:31:		MakeKey			0.0%
github.com/iDigitalFlame/xmt/device/regedit/y_nix.go:46:		Delete			0.0%
github.com/iDigitalFlame/xmt/device/regedit/y_nix.go:57:		Dir			0.0%
github.com/iDigitalFlame/xmt/device/regedit/y_nix.go:68:		Get			0.0%
github.com/iDigitalFlame/xmt/device/regedit/y_nix.go:83:		SetString		0.0%
github.com/iDigitalFlame/xmt/device/regedit/y_nix.go:99:		DeleteKey		0.0%
github.com/iDigitalFlame/xmt/device/regedit/y_nix.go:115:		DeleteEx		0.0%
github.com/iDigitalFlame/xmt/device/regedit/y_nix.go:130:		SetBytes		0.0%
github.com/iDigitalFlame/xmt/device/regedit/y_nix.go:145:		SetDword		0.0%
github.com/iDigitalFlame/xmt/device/regedit/y_nix.go:160:		SetQword		0.0%
github.com/iDigitalFlame/xmt/device/regedit/y_nix.go:175:		SetExpandString		0.0%
github.com/iDigitalFlame/xmt/device/regedit/y_nix.go:190:		SetStrings		0.0%
github.com/iDigitalFlame/xmt/device/regedit/y_nix.go:209:		Set			0.0%
github.com/iDigitalFlame/xmt/device/regedit/y_nix.go:233:		SetFromString		0.0%
github.com/iDigitalFlame/xmt/device/screen/screen_nix.go:45:		Capture			0.0%
github.com/iDigitalFlame/xmt/device/screen/screen_nix.go:56:		ActiveDisplays		0.0%
github.com/iDigitalFlame/xmt/device/screen/screen_nix.go:66:		DisplayBounds		0.0%
github.com/iDigitalFlame/xmt/device/screen/screen_nix.go:77:		CaptureRange		0.0%
github.com/iDigitalFlame/xmt/device/v_no_implant.go:29:			State			0.0%
github.com/iDigitalFlame/xmt/device/v_no_implant.go:56:			String			0.0%
github.com/iDigitalFlame/xmt/device/v_no_implant.go:77:			String			0.0%
github.com/iDigitalFlame/xmt/device/v_no_implant.go:94:			String			0.0%
github.com/iDigitalFlame/xmt/device/v_no_implant.go:103:		MarshalJSON		0.0%
github.com/iDigitalFlame/xmt/device/v_no_implant.go:108:		UnmarshalJSON		0.0%
github.com/iDigitalFlame/xmt/device/winapi/dll.go:83:			byteString		0.0%
github.com/iDigitalFlame/xmt/device/winapi/dll.go:101:			ExtractDLLBase		0.0%
github.com/iDigitalFlame/xmt/device/winapi/dll.go:116:			ExtractDLLBaseRaw	0.0%
github.com/iDigitalFlame/xmt/device/winapi/dll.go:130:			ExtractDLLFunction	0.0%
github.com/iDigitalFlame/xmt/device/winapi/dll.go:147:			ExtractDLLFunctionRaw	0.0%
github.com/iDigitalFlame/xmt/device/winapi/dll.go:193:			extractDLLBase		0.0%
github.com/iDigitalFlame/xmt/device/winapi/utf16.go:47:			UTF16Decode		70.0%
github.com/iDigitalFlame/xmt/device/winapi/utf16.go:72:			UTF16ToString		100.0%
github.com/iDigitalFlame/xmt/device/winapi/utf16.go:75:			utf16DecodeRune		0.0%
github.com/iDigitalFlame/xmt/device/winapi/utf16.go:85:			UTF16EncodeStd		0.0%
github.com/iDigitalFlame/xmt/device/winapi/utf16.go:119:		UTF16PtrToString	88.9%
github.com/iDigitalFlame/xmt/device/winapi/utf16.go:132:		utf16Encode		61.1%
github.com/iDigitalFlame/xmt/device/winapi/utf16.go:164:		utf16EncodeRune		0.0%
github.com/iDigitalFlame/xmt/device/winapi/utf16.go:176:		UTF16FromString		66.7%
github.com/iDigitalFlame/xmt/device/winapi/utf16.go:187:		UTF16PtrFromString	75.0%
github.com/iDigitalFlame/xmt/device/winapi/z_nix.go:21:			fullPath		0.0%
github.com/iDigitalFlame/xmt/device/xy_nix_no_crypt.go:45:		IsDebugged		77.8%
github.com/iDigitalFlame/xmt/device/xy_nix_no_crypt.go:67:		Logins			0.0%
github.com/iDigitalFlame/xmt/device/xy_nix_no_crypt.go:82:		Mounts			0.0%
github.com/iDigitalFlame/xmt/device/xy_nix_no_crypt.go:121:		DumpProcess		0.0%
github.com/iDigitalFlame/xmt/device/y_nix.go:44:			GoExit			0.0%
github.com/iDigitalFlame/xmt/device/y_nix.go:55:			FreeOSMemory		0.0%
github.com/iDigitalFlame/xmt/device/y_nix.go:58:			proxyInit		0.0%
github.com/iDigitalFlame/xmt/device/y_nix.go:71:			RevertToSelf		0.0%
github.com/iDigitalFlame/xmt/device/y_nix.go:74:			dualEnv			0.0%
github.com/iDigitalFlame/xmt/device/y_nix.go:101:			SetCritical		0.0%
github.com/iDigitalFlame/xmt/device/y_nix.go:113:			Impersonate		0.0%
github.com/iDigitalFlame/xmt/device/y_nix.go:128:			ImpersonateUserNetwork	0.0%
github.com/iDigitalFlame/xmt/device/y_nix_util.go:60:			SetProcessName		0.0%
github.com/iDigitalFlame/xmt/device/y_nix_util.go:71:			bytesToString		0.0%
github.com/iDigitalFlame/xmt/device/y_nix_util.go:80:			readWhoEntries		0.0%
github.com/iDigitalFlame/xmt/device/y_nix_util.go:98:			parseLine		0.0%
github.com/iDigitalFlame/xmt/examples/example_groups.go:32:		exampleGroups		0.0%
github.com/iDigitalFlame/xmt/examples/example_groups.go:74:		server			0.0%
github.com/iDigitalFlame/xmt/examples/example_groups.go:96:		client			0.0%
github.com/iDigitalFlame/xmt/examples/example_guardian.go:28:		exampleGuardian		0.0%
github.com/iDigitalFlame/xmt/examples/example_guardian_linkers.go:28:	exampleGuardianLinkers	0.0%
github.com/iDigitalFlame/xmt/examples/example_otto.go:53:		exampleOtto		0.0%
github.com/iDigitalFlame/xmt/examples/example_pipes.go:28:		examplePipes		0.0%
github.com/iDigitalFlame/xmt/examples/example_shellcode.go:27:		exampleShellcode	0.0%
github.com/iDigitalFlame/xmt/examples/example_wc2.go:30:		exampleWC2		0.0%
github.com/iDigitalFlame/xmt/examples/examples.go:21:			main			0.0%
github.com/iDigitalFlame/xmt/man/guardian.go:48:			Wait			0.0%
github.com/iDigitalFlame/xmt/man/guardian.go:57:			Close			0.0%
github.com/iDigitalFlame/xmt/man/guardian.go:70:			Done			0.0%
github.com/iDigitalFlame/xmt/man/guardian.go:80:			MustGuard		0.0%
github.com/iDigitalFlame/xmt/man/guardian.go:94:			Guard			0.0%
github.com/iDigitalFlame/xmt/man/guardian.go:104:			MustGuardContext	0.0%
github.com/iDigitalFlame/xmt/man/guardian.go:120:			GuardContext		0.0%
github.com/iDigitalFlame/xmt/man/http.go:46:				initDefaultClient	0.0%
github.com/iDigitalFlame/xmt/man/http.go:63:				rawParse		86.7%
github.com/iDigitalFlame/xmt/man/http.go:147:				ParseDownloadHeader	74.2%
github.com/iDigitalFlame/xmt/man/http.go:206:				WebRequest		0.0%
github.com/iDigitalFlame/xmt/man/http.go:234:				WebExec			0.0%
github.com/iDigitalFlame/xmt/man/link.go:94:				Listen			0.0%
github.com/iDigitalFlame/xmt/man/link.go:111:				netHandleConn		0.0%
github.com/iDigitalFlame/xmt/man/link.go:128:				String			0.0%
github.com/iDigitalFlame/xmt/man/link.go:134:				Close			0.0%
github.com/iDigitalFlame/xmt/man/link.go:138:				formatTCPName		0.0%
github.com/iDigitalFlame/xmt/man/link.go:161:				LinkerFromName		0.0%
github.com/iDigitalFlame/xmt/man/link.go:198:				netCheckConn		0.0%
github.com/iDigitalFlame/xmt/man/link.go:216:				check			0.0%
github.com/iDigitalFlame/xmt/man/link.go:233:				create			0.0%
github.com/iDigitalFlame/xmt/man/sentinel.go:74:			Check			0.0%
github.com/iDigitalFlame/xmt/man/sentinel.go:84:			valid			0.0%
github.com/iDigitalFlame/xmt/man/sentinel.go:105:			AddDLL			0.0%
github.com/iDigitalFlame/xmt/man/sentinel.go:114:			AddASM			0.0%
github.com/iDigitalFlame/xmt/man/sentinel.go:120:			AddExecute		100.0%
github.com/iDigitalFlame/xmt/man/sentinel.go:123:			read			100.0%
github.com/iDigitalFlame/xmt/man/sentinel.go:126:			write			100.0%
github.com/iDigitalFlame/xmt/man/sentinel.go:129:			run			0.0%
github.com/iDigitalFlame/xmt/man/sentinel.go:243:			AddZombie		0.0%
github.com/iDigitalFlame/xmt/man/sentinel.go:249:			MarshalStream		62.5%
github.com/iDigitalFlame/xmt/man/sentinel.go:275:			AddDownload		100.0%
github.com/iDigitalFlame/xmt/man/sentinel.go:283:			File			0.0%
github.com/iDigitalFlame/xmt/man/sentinel.go:293:			UnmarshalStream		70.0%
github.com/iDigitalFlame/xmt/man/sentinel.go:318:			Save			0.0%
github.com/iDigitalFlame/xmt/man/sentinel.go:336:			Load			0.0%
github.com/iDigitalFlame/xmt/man/sentinel.go:346:			MarshalStream		71.4%
github.com/iDigitalFlame/xmt/man/sentinel.go:372:			Find			0.0%
github.com/iDigitalFlame/xmt/man/sentinel.go:427:			Wake			0.0%
github.com/iDigitalFlame/xmt/man/sentinel.go:437:			Read			69.2%
github.com/iDigitalFlame/xmt/man/sentinel.go:459:			UnmarshalStream		71.4%
github.com/iDigitalFlame/xmt/man/sentinel.go:475:			Write			68.8%
github.com/iDigitalFlame/xmt/man/sentinel.go:517:			WakeMultiFile		0.0%
github.com/iDigitalFlame/xmt/man/sentinel.go:570:			WakeFile		0.0%
github.com/iDigitalFlame/xmt/man/sync_nix.go:23:			check			0.0%
github.com/iDigitalFlame/xmt/man/sync_nix.go:26:			create			0.0%
github.com/iDigitalFlame/xmt/man/v_no_implant.go:21:			String			0.0%
github.com/iDigitalFlame/xmt/util/bugtrack/no_bugtrack.go:37:		Recover			0.0%
github.com/iDigitalFlame/xmt/util/bugtrack/no_bugtrack.go:45:		Track			0.0%
github.com/iDigitalFlame/xmt/util/builder.go:32:			Reset			100.0%
github.com/iDigitalFlame/xmt/util/builder.go:37:			Len			0.0%
github.com/iDigitalFlame/xmt/util/builder.go:44:			Cap			0.0%
github.com/iDigitalFlame/xmt/util/builder.go:52:			Grow			80.0%
github.com/iDigitalFlame/xmt/util/builder.go:62:			String			0.0%
github.com/iDigitalFlame/xmt/util/builder.go:67:			Output			100.0%
github.com/iDigitalFlame/xmt/util/builder.go:76:			WriteByte		100.0%
github.com/iDigitalFlame/xmt/util/builder.go:84:			InsertByte		0.0%
github.com/iDigitalFlame/xmt/util/builder.go:94:			Write			0.0%
github.com/iDigitalFlame/xmt/util/builder.go:102:			WriteString		100.0%
github.com/iDigitalFlame/xmt/util/crypt/no_crypt.go:22:			Get			0.0%
github.com/iDigitalFlame/xmt/util/rand.go:55:				FastRandN		100.0%
github.com/iDigitalFlame/xmt/util/rand_fast.go:23:			getRandom		100.0%
github.com/iDigitalFlame/xmt/util/rand_fast.go:26:			Int			0.0%
github.com/iDigitalFlame/xmt/util/rand_fast.go:29:			abs32			0.0%
github.com/iDigitalFlame/xmt/util/rand_fast.go:32:			abs64			100.0%
github.com/iDigitalFlame/xmt/util/rand_fast.go:35:			Int31			0.0%
github.com/iDigitalFlame/xmt/util/rand_fast.go:38:			Int63			100.0%
github.com/iDigitalFlame/xmt/util/rand_fast.go:41:			Uint32			0.0%
github.com/iDigitalFlame/xmt/util/rand_fast.go:44:			Uint64			100.0%
github.com/iDigitalFlame/xmt/util/rand_fast.go:47:			Intn			100.0%
github.com/iDigitalFlame/xmt/util/rand_fast.go:50:			Int31n			0.0%
github.com/iDigitalFlame/xmt/util/rand_fast.go:53:			Int63n			0.0%
github.com/iDigitalFlame/xmt/util/rand_fast.go:56:			Read			100.0%
github.com/iDigitalFlame/xmt/util/text/match.go:95:			Raw			0.0%
github.com/iDigitalFlame/xmt/util/text/match.go:100:			String			100.0%
github.com/iDigitalFlame/xmt/util/text/match.go:106:			Match			100.0%
github.com/iDigitalFlame/xmt/util/text/match.go:109:			String			0.0%
github.com/iDigitalFlame/xmt/util/text/match.go:115:			UnMatch			0.0%
github.com/iDigitalFlame/xmt/util/text/match.go:118:			String			0.0%
github.com/iDigitalFlame/xmt/util/text/match.go:121:			Match			0.0%
github.com/iDigitalFlame/xmt/util/text/match.go:124:			Match			0.0%
github.com/iDigitalFlame/xmt/util/text/match.go:127:			MatchString		0.0%
github.com/iDigitalFlame/xmt/util/text/match.go:130:			MatchString		0.0%
github.com/iDigitalFlame/xmt/util/text/r_no_regexp.go:33:		isChar			100.0%
github.com/iDigitalFlame/xmt/util/text/r_no_regexp.go:45:		isUpper			100.0%
github.com/iDigitalFlame/xmt/util/text/r_no_regexp.go:48:		isLower			100.0%
github.com/iDigitalFlame/xmt/util/text/r_no_regexp.go:51:		isLetter		100.0%
github.com/iDigitalFlame/xmt/util/text/r_no_regexp.go:54:		isNumber		100.0%
github.com/iDigitalFlame/xmt/util/text/r_no_regexp.go:57:		numSize			0.0%
github.com/iDigitalFlame/xmt/util/text/r_no_regexp.go:68:		isNumberHex		100.0%
github.com/iDigitalFlame/xmt/util/text/r_no_regexp.go:74:		String			56.8%
github.com/iDigitalFlame/xmt/util/text/r_no_regexp.go:147:		matchWithToken		51.0%
github.com/iDigitalFlame/xmt/util/text/r_no_regexp.go:230:		String			0.0%
github.com/iDigitalFlame/xmt/util/text/r_no_regexp.go:237:		MatchEx			60.0%
github.com/iDigitalFlame/xmt/util/text/r_no_regexp.go:246:		Match			0.0%
github.com/iDigitalFlame/xmt/util/text/r_no_regexp.go:249:		MatchString		100.0%
github.com/iDigitalFlame/xmt/util/text/r_no_regexp.go:255:		writeToken		50.0%
github.com/iDigitalFlame/xmt/util/text/r_no_regexp.go:293:		checkToken		75.9%
github.com/iDigitalFlame/xmt/util/text/rand.go:73:			String			100.0%
github.com/iDigitalFlame/xmt/util/text/rand.go:76:			String			100.0%
github.com/iDigitalFlame/xmt/util/text/rand.go:79:			StringLower		0.0%
github.com/iDigitalFlame/xmt/util/text/rand.go:82:			StringUpper		0.0%
github.com/iDigitalFlame/xmt/util/text/rand.go:85:			StringNumber		0.0%
github.com/iDigitalFlame/xmt/util/text/rand.go:88:			StringRange		100.0%
github.com/iDigitalFlame/xmt/util/text/rand.go:91:			StringCharacters	0.0%
github.com/iDigitalFlame/xmt/util/text/rand.go:94:			StringEx		88.9%
github.com/iDigitalFlame/xmt/util/text/rand.go:121:			StringLowerRange	100.0%
github.com/iDigitalFlame/xmt/util/text/rand.go:124:			StringUpperRange	100.0%
github.com/iDigitalFlame/xmt/util/text/rand.go:127:			StringNumberRange	100.0%
github.com/iDigitalFlame/xmt/util/text/rand.go:130:			StringCharactersRange	100.0%
github.com/iDigitalFlame/xmt/util/xerr/z_no_implant.go:37:		New			0.0%
github.com/iDigitalFlame/xmt/util/xerr/z_no_implant.go:40:		Error			100.0%
github.com/iDigitalFlame/xmt/util/xerr/z_no_implant.go:43:		Error			0.0%
github.com/iDigitalFlame/xmt/util/xerr/z_no_implant.go:46:		Unwrap			100.0%
github.com/iDigitalFlame/xmt/util/xerr/z_no_implant.go:57:		Sub			100.0%
github.com/iDigitalFlame/xmt/util/xerr/z_no_implant.go:68:		Wrap			66.7%
total:									(statements)		12.8%
